<?xml version="1.0" encoding="utf-8"?>
<shfbBuild product="Sandcastle Help File Builder and Tools" version="2018.12.10.0" projectFile="C:\idea_deve\release_10.0\_Sources\Solutions\Documentation\IdeaOpenModel.shfbproj" started="09.04.2019 13:22:44">
<buildStep step="Initializing">
Finding tools...
The Sandcastle tools are located in &#39;C:\Program Files (x86)\EWSoftware\Sandcastle Help File Builder\&#39;
Locating components in the following folder(s):
    C:\idea_deve\release_10.0\_Sources\Solutions\Documentation
    C:\ProgramData\EWSoftware\Sandcastle Help File Builder\Components and Plug-Ins\
    C:\Program Files (x86)\EWSoftware\Sandcastle Help File Builder\
Using framework reflection data for &#39;.NET Framework 4.0&#39; located in &#39;C:\Program Files (x86)\EWSoftware\Sandcastle Help File Builder\Data\.NETFramework&#39;
Using presentation style &#39;VS2013&#39; located in &#39;C:\Program Files (x86)\EWSoftware\Sandcastle Help File Builder\PresentationStyles\VS2013&#39;
Loading and initializing plug-ins...
Lightweight Website Style Version 2018.12.10.0
Copyright &#169; 2006-2018, Eric Woodruff, All Rights Reserved
Portions Copyright &#169; 2014, Sam Harwell, All Rights Reserved
-------------------------------
Clearing any prior web/markdown output...
</buildStep>
<buildStep step="ValidatingDocumentationSources">
Validating and copying documentation source information
Source: C:\idea_deve\release_10.0\_Sources\StructuralModel\IdeaRS.OpenModel\IdeaRS.OpenModel.csproj
    Found project &#39;C:\idea_deve\release_10.0\_Sources\StructuralModel\IdeaRS.OpenModel\IdeaRS.OpenModel.csproj&#39;

Parsing project files
    Found assembly &#39;C:\idea_deve\release_10.0\_Sources\StructuralModel\IdeaRS.OpenModel\..\..\bin\Debug\IdeaRS.OpenModel.dll&#39;

References to include (excluding framework assemblies):
    None

Copying XML comments files
    C:\idea_deve\release_10.0\_Sources\StructuralModel\IdeaRS.OpenModel\..\..\bin\Debug\IdeaRS.OpenModel.xml -&gt; C:\idea_deve\release_10.0\_Sources\Solutions\Documentation\Help\Working\IdeaRS.OpenModel.xml
</buildStep>
<buildStep step="GenerateSharedContent">
Generating shared content files (en-US, English (United States))...
<plugIn name="Lightweight Website Style" behavior="After" priority="1000">
</plugIn>    Last step completed in 00:00:00.0312
</buildStep>
<buildStep step="GenerateApiFilter">
Generating API filter for MRefBuilder...
    Last step completed in 00:00:00.0313
</buildStep>
<buildStep step="GenerateReflectionInfo">
Generating reflection information...
[C:\Program Files (x86)\MSBuild\14.0\bin\amd64\MSBuild.exe - GenerateRefInfo.proj]
Build started 09.04.2019 13:22:45.
Project &quot;C:\idea_deve\release_10.0\_Sources\Solutions\Documentation\Help\Working\GenerateRefInfo.proj&quot; on node 1 (default targets).
PrepareForBuild:
  Creating directory &quot;obj\Debug\&quot;.
GenerateRefInfo:
  MRefBuilder (v2018.12.10.0)
  Copyright c 2006-2018, Microsoft Corporation, All Rights Reserved.
  Portions Copyright c 2006-2018, Eric Woodruff, All Rights Reserved.
  No source code context base path specified.  Source context information is unavailable.
  Loaded 1 assemblies for reflection and 1 dependency assemblies.
  Wrote information on 17 namespaces, 410 types, and 2552 members
  Copying file from &quot;reflection.org&quot; to &quot;reflection.all&quot;.
  XslTransform (v2018.12.10.0)
  Copyright c 2006-2018, Microsoft Corporation, All Rights Reserved.
  Portions Copyright c 2006-2018, Eric Woodruff, All Rights Reserved.
  Applying XSL transformation &#39;C:\Program Files (x86)\EWSoftware\Sandcastle Help File Builder\ProductionTransforms\MergeDuplicates.xsl&#39;.
Done Building Project &quot;C:\idea_deve\release_10.0\_Sources\Solutions\Documentation\Help\Working\GenerateRefInfo.proj&quot; (default targets).

Build succeeded.

Time Elapsed 00:00:01.18
    Last step completed in 00:00:01.2977
</buildStep>
<buildStep step="TransformReflectionInfo">
Transforming reflection output...
[C:\Program Files (x86)\MSBuild\14.0\bin\amd64\MSBuild.exe - TransformManifest.proj]
Build started 09.04.2019 13:22:47.
Project &quot;C:\idea_deve\release_10.0\_Sources\Solutions\Documentation\Help\Working\TransformManifest.proj&quot; on node 1 (default targets).
TransformManifest:
  XslTransform (v2018.12.10.0)
  Copyright c 2006-2018, Microsoft Corporation, All Rights Reserved.
  Portions Copyright c 2006-2018, Eric Woodruff, All Rights Reserved.
  Applying XSL transformation &#39;C:\Program Files (x86)\EWSoftware\Sandcastle Help File Builder\\ProductionTransforms\ApplyVSDocModel.xsl&#39;.
  Copying file from &quot;reflection.xml&quot; to &quot;reflection.nofilenames&quot;.
  XslTransform (v2018.12.10.0)
  Copyright c 2006-2018, Microsoft Corporation, All Rights Reserved.
  Portions Copyright c 2006-2018, Eric Woodruff, All Rights Reserved.
  Applying XSL transformation &#39;C:\Program Files (x86)\EWSoftware\Sandcastle Help File Builder\ProductionTransforms\AddFilenames.xsl&#39;.
  XslTransform (v2018.12.10.0)
  Copyright c 2006-2018, Microsoft Corporation, All Rights Reserved.
  Portions Copyright c 2006-2018, Eric Woodruff, All Rights Reserved.
  Applying XSL transformation &#39;C:\Program Files (x86)\EWSoftware\Sandcastle Help File Builder\ProductionTransforms\ReflectionToManifest.xsl&#39;.
Done Building Project &quot;C:\idea_deve\release_10.0\_Sources\Solutions\Documentation\Help\Working\TransformManifest.proj&quot; (default targets).

Build succeeded.

Time Elapsed 00:00:01.50
    Last step completed in 00:00:01.6441
</buildStep>
<buildStep step="GenerateNamespaceSummaries">
Generating namespace summary information...
    Last step completed in 00:00:00.0781
</buildStep>
<buildStep step="CopyAdditionalContent">
Copying additional content files...
C:\idea_deve\release_10.0\_Sources\Solutions\Documentation\Images\InternalForcesConvention.png -&gt; C:\idea_deve\release_10.0\_Sources\Solutions\Documentation\Help\Working\Output\Website\Images\InternalForcesConvention.png
C:\idea_deve\release_10.0\_Sources\Solutions\Documentation\Images\IArc.png -&gt; C:\idea_deve\release_10.0\_Sources\Solutions\Documentation\Help\Working\Output\Website\Images\IArc.png
C:\idea_deve\release_10.0\_Sources\Solutions\Documentation\Images\WeldedC.png -&gt; C:\idea_deve\release_10.0\_Sources\Solutions\Documentation\Help\Working\Output\Website\Images\WeldedC.png
C:\idea_deve\release_10.0\_Sources\Solutions\Documentation\Images\WeldedI.png -&gt; C:\idea_deve\release_10.0\_Sources\Solutions\Documentation\Help\Working\Output\Website\Images\WeldedI.png
C:\idea_deve\release_10.0\_Sources\Solutions\Documentation\Images\WeldedL.png -&gt; C:\idea_deve\release_10.0\_Sources\Solutions\Documentation\Help\Working\Output\Website\Images\WeldedL.png
C:\idea_deve\release_10.0\_Sources\Solutions\Documentation\Images\WeldedLsym.png -&gt; C:\idea_deve\release_10.0\_Sources\Solutions\Documentation\Help\Working\Output\Website\Images\WeldedLsym.png
C:\idea_deve\release_10.0\_Sources\Solutions\Documentation\Images\WeldedT.png -&gt; C:\idea_deve\release_10.0\_Sources\Solutions\Documentation\Help\Working\Output\Website\Images\WeldedT.png
C:\idea_deve\release_10.0\_Sources\Solutions\Documentation\Images\IAsym.png -&gt; C:\idea_deve\release_10.0\_Sources\Solutions\Documentation\Help\Working\Output\Website\Images\IAsym.png
C:\idea_deve\release_10.0\_Sources\Solutions\Documentation\Images\CFZ.png -&gt; C:\idea_deve\release_10.0\_Sources\Solutions\Documentation\Help\Working\Output\Website\Images\CFZ.png
C:\idea_deve\release_10.0\_Sources\Solutions\Documentation\Images\CFCo.png -&gt; C:\idea_deve\release_10.0\_Sources\Solutions\Documentation\Help\Working\Output\Website\Images\CFCo.png
C:\idea_deve\release_10.0\_Sources\Solutions\Documentation\Images\CFL.png -&gt; C:\idea_deve\release_10.0\_Sources\Solutions\Documentation\Help\Working\Output\Website\Images\CFL.png
C:\idea_deve\release_10.0\_Sources\Solutions\Documentation\Images\CFLgen.png -&gt; C:\idea_deve\release_10.0\_Sources\Solutions\Documentation\Help\Working\Output\Website\Images\CFLgen.png
C:\idea_deve\release_10.0\_Sources\Solutions\Documentation\Images\CFOmega.png -&gt; C:\idea_deve\release_10.0\_Sources\Solutions\Documentation\Help\Working\Output\Website\Images\CFOmega.png
C:\idea_deve\release_10.0\_Sources\Solutions\Documentation\Images\CFRegP.png -&gt; C:\idea_deve\release_10.0\_Sources\Solutions\Documentation\Help\Working\Output\Website\Images\CFRegP.png
C:\idea_deve\release_10.0\_Sources\Solutions\Documentation\Images\CFRHS.png -&gt; C:\idea_deve\release_10.0\_Sources\Solutions\Documentation\Help\Working\Output\Website\Images\CFRHS.png
C:\idea_deve\release_10.0\_Sources\Solutions\Documentation\Images\CFSigma.png -&gt; C:\idea_deve\release_10.0\_Sources\Solutions\Documentation\Help\Working\Output\Website\Images\CFSigma.png
C:\idea_deve\release_10.0\_Sources\Solutions\Documentation\Images\CFU.png -&gt; C:\idea_deve\release_10.0\_Sources\Solutions\Documentation\Help\Working\Output\Website\Images\CFU.png
    Last step completed in 00:00:00.0315
</buildStep>
<buildStep step="MergeTablesOfContents">
Merging conceptual and additional tables of contents...
    Last step completed in 00:00:00.0000
</buildStep>
<buildStep step="GenerateIntermediateTableOfContents">
Generating intermediate table of contents file...
[C:\Program Files (x86)\MSBuild\14.0\bin\amd64\MSBuild.exe - GenerateIntermediateTOC.proj]
Build started 09.04.2019 13:22:48.
Project &quot;C:\idea_deve\release_10.0\_Sources\Solutions\Documentation\Help\Working\GenerateIntermediateTOC.proj&quot; on node 1 (default targets).
GenerateIntermediateTOC:
  XslTransform (v2018.12.10.0)
  Copyright c 2006-2018, Microsoft Corporation, All Rights Reserved.
  Portions Copyright c 2006-2018, Eric Woodruff, All Rights Reserved.
  Applying XSL transformation &#39;C:\Program Files (x86)\EWSoftware\Sandcastle Help File Builder\\ProductionTransforms\CreateVSToc.xsl&#39;.
Done Building Project &quot;C:\idea_deve\release_10.0\_Sources\Solutions\Documentation\Help\Working\GenerateIntermediateTOC.proj&quot; (default targets).

Build succeeded.

Time Elapsed 00:00:00.19
Generating conceptual content intermediate TOC file...
    Last step completed in 00:00:00.3029
</buildStep>
<buildStep step="CreateBuildAssemblerConfigs">
Creating Sandcastle configuration files...
    sandcastle.config
    Last step completed in 00:00:00.1875
</buildStep>
<buildStep step="MergeCustomConfigs">
Merging custom build component configurations
C:\idea_deve\release_10.0\_Sources\Solutions\Documentation\Help\Working\sandcastle.config
  Updating reference topic configurations.
  No conceptual content.  Removing conceptual content components.
    Last step completed in 00:00:00.0000
</buildStep>
<buildStep step="BuildTopics">
Building help topics...
[C:\Program Files (x86)\MSBuild\14.0\bin\amd64\MSBuild.exe - BuildTopics.proj]
Build started 09.04.2019 13:22:49.
Project &quot;C:\idea_deve\release_10.0\_Sources\Solutions\Documentation\Help\Working\BuildTopics.proj&quot; on node 1 (default targets).
BuildTopics:
  BuildAssembler (v2018.12.10.0)
  Copyright c 2006-2018, Microsoft Corporation, All Rights Reserved.
  Portions Copyright c 2006-2018, Eric Woodruff, All Rights Reserved.
  Loading configuration...
  Processing topics...
BuildAssembler : warning : ShowMissingComponent: [P:IdeaRS.OpenModel.OpenModelClassAttribute.OpenModelListType] Missing &lt;summary&gt; documentation [C:\idea_deve\release_10.0\_Sources\Solutions\Documentation\Help\Working\BuildTopics.proj]
BuildAssembler : warning : ShowMissingComponent: [P:IdeaRS.OpenModel.OpenModelClassAttribute.StructuralModelClassType] Missing &lt;summary&gt; documentation [C:\idea_deve\release_10.0\_Sources\Solutions\Documentation\Help\Working\BuildTopics.proj]
BuildAssembler : warning : ShowMissingComponent: [P:IdeaRS.OpenModel.OpenModelClassAttribute.StructuralModelContainerType] Missing &lt;summary&gt; documentation [C:\idea_deve\release_10.0\_Sources\Solutions\Documentation\Help\Working\BuildTopics.proj]
BuildAssembler : warning : ShowMissingComponent: [N:IdeaRS.OpenModel.Beam] Missing &lt;summary&gt; documentation [C:\idea_deve\release_10.0\_Sources\Solutions\Documentation\Help\Working\BuildTopics.proj]
BuildAssembler : warning : ShowMissingComponent: [N:IdeaRS.OpenModel.Concrete] Missing &lt;summary&gt; documentation [C:\idea_deve\release_10.0\_Sources\Solutions\Documentation\Help\Working\BuildTopics.proj]
BuildAssembler : warning : ShowMissingComponent: [N:IdeaRS.OpenModel.Concrete.CheckResult] Missing &lt;summary&gt; documentation [C:\idea_deve\release_10.0\_Sources\Solutions\Documentation\Help\Working\BuildTopics.proj]
BuildAssembler : warning : ShowMissingComponent: [N:IdeaRS.OpenModel.Concrete.Load] Missing &lt;summary&gt; documentation [C:\idea_deve\release_10.0\_Sources\Solutions\Documentation\Help\Working\BuildTopics.proj]
BuildAssembler : warning : ShowMissingComponent: [M:IdeaRS.OpenModel.Connection.IAppController.GetConnectionData(System.Guid)] Missing &lt;summary&gt; documentation [C:\idea_deve\release_10.0\_Sources\Solutions\Documentation\Help\Working\BuildTopics.proj]
BuildAssembler : warning : ShowMissingComponent: [M:IdeaRS.OpenModel.Connection.IAppController.GetConnectionData(System.Guid)] Missing &lt;returns&gt; documentation [C:\idea_deve\release_10.0\_Sources\Solutions\Documentation\Help\Working\BuildTopics.proj]
BuildAssembler : warning : ShowMissingComponent: [M:IdeaRS.OpenModel.Connection.IAppController.GetConnectionData(System.Guid)] Missing &lt;param name=&quot;connectionId&quot;/&gt; documentation [C:\idea_deve\release_10.0\_Sources\Solutions\Documentation\Help\Working\BuildTopics.proj]
BuildAssembler : warning : ShowMissingComponent: [M:IdeaRS.OpenModel.Connection.IAppController.GetIdeaConnectionProject] Missing &lt;summary&gt; documentation [C:\idea_deve\release_10.0\_Sources\Solutions\Documentation\Help\Working\BuildTopics.proj]
BuildAssembler : warning : ShowMissingComponent: [M:IdeaRS.OpenModel.Connection.IAppController.GetIdeaConnectionProject] Missing &lt;returns&gt; documentation [C:\idea_deve\release_10.0\_Sources\Solutions\Documentation\Help\Working\BuildTopics.proj]
BuildAssembler : warning : ShowMissingComponent: [M:IdeaRS.OpenModel.Connection.IAppController.OpenIdeaConnectionService] Missing &lt;summary&gt; documentation [C:\idea_deve\release_10.0\_Sources\Solutions\Documentation\Help\Working\BuildTopics.proj]
BuildAssembler : warning : ShowMissingComponent: [N:IdeaRS.OpenModel.Detail.Loading] Missing &lt;summary&gt; documentation [C:\idea_deve\release_10.0\_Sources\Solutions\Documentation\Help\Working\BuildTopics.proj]
BuildAssembler : warning : ShowMissingComponent: [M:IdeaRS.OpenModel.Result.FemElement.#ctor(System.Int32,System.Int32,System.Int32)] Missing &lt;param name=&quot;node1&quot;/&gt; documentation [C:\idea_deve\release_10.0\_Sources\Solutions\Documentation\Help\Working\BuildTopics.proj]
BuildAssembler : warning : ShowMissingComponent: [M:IdeaRS.OpenModel.Result.FemElement.#ctor(System.Int32,System.Int32,System.Int32)] Missing &lt;param name=&quot;node2&quot;/&gt; documentation [C:\idea_deve\release_10.0\_Sources\Solutions\Documentation\Help\Working\BuildTopics.proj]
BuildAssembler : warning : ShowMissingComponent: [M:IdeaRS.OpenModel.Result.FemElement.#ctor(System.Int32,System.Int32,System.Int32)] Missing &lt;param name=&quot;node3&quot;/&gt; documentation [C:\idea_deve\release_10.0\_Sources\Solutions\Documentation\Help\Working\BuildTopics.proj]
BuildAssembler : warning : ShowMissingComponent: [M:IdeaRS.OpenModel.Result.FemElement.#ctor(System.Int32,System.Int32,System.Int32,System.Int32)] Missing &lt;param name=&quot;node1&quot;/&gt; documentation [C:\idea_deve\release_10.0\_Sources\Solutions\Documentation\Help\Working\BuildTopics.proj]
BuildAssembler : warning : ShowMissingComponent: [M:IdeaRS.OpenModel.Result.FemElement.#ctor(System.Int32,System.Int32,System.Int32,System.Int32)] Missing &lt;param name=&quot;node2&quot;/&gt; documentation [C:\idea_deve\release_10.0\_Sources\Solutions\Documentation\Help\Working\BuildTopics.proj]
BuildAssembler : warning : ShowMissingComponent: [M:IdeaRS.OpenModel.Result.FemElement.#ctor(System.Int32,System.Int32,System.Int32,System.Int32)] Missing &lt;param name=&quot;node3&quot;/&gt; documentation [C:\idea_deve\release_10.0\_Sources\Solutions\Documentation\Help\Working\BuildTopics.proj]
BuildAssembler : warning : ShowMissingComponent: [M:IdeaRS.OpenModel.Result.FemElement.#ctor(System.Int32,System.Int32,System.Int32,System.Int32)] Missing &lt;param name=&quot;node4&quot;/&gt; documentation [C:\idea_deve\release_10.0\_Sources\Solutions\Documentation\Help\Working\BuildTopics.proj]
BuildAssembler : warning : ShowMissingComponent: [T:IdeaRS.OpenModel.Result.ResultOnMesh] Missing &lt;summary&gt; documentation [C:\idea_deve\release_10.0\_Sources\Solutions\Documentation\Help\Working\BuildTopics.proj]
BuildAssembler : warning : ShowMissingComponent: [P:IdeaRS.OpenModel.Result.ResultOnMesh.Displacement] Missing &lt;summary&gt; documentation [C:\idea_deve\release_10.0\_Sources\Solutions\Documentation\Help\Working\BuildTopics.proj]
BuildAssembler : warning : ShowMissingComponent: [P:IdeaRS.OpenModel.Result.ResultOnMesh.Nodes] Missing &lt;summary&gt; documentation [C:\idea_deve\release_10.0\_Sources\Solutions\Documentation\Help\Working\BuildTopics.proj]
BuildAssembler : warning : ShowMissingComponent: [P:IdeaRS.OpenModel.Result.ResultOnMesh.Value] Missing &lt;summary&gt; documentation [C:\idea_deve\release_10.0\_Sources\Solutions\Documentation\Help\Working\BuildTopics.proj]
  Processed 2426 topic(s)
  25 warning(s)
  CopyFromIndexComponent: &quot;reflection&quot; in-memory cache entries used: 4 of 15.
  CopyFromIndexComponent: &quot;comments&quot; in-memory cache entries used: 1 of 30.
Done Building Project &quot;C:\idea_deve\release_10.0\_Sources\Solutions\Documentation\Help\Working\BuildTopics.proj&quot; (default targets).

Build succeeded.

Time Elapsed 00:00:10.04
    Last step completed in 00:00:10.1832
</buildStep>
<buildStep step="CombiningIntermediateTocFiles">
Combining conceptual and API intermediate TOC files...
    Last step completed in 00:00:00.0141
</buildStep>
<buildStep step="ExtractingHtmlInfo">
Extracting HTML info for HTML Help 1 and/or website...
[C:\Program Files (x86)\MSBuild\14.0\bin\amd64\MSBuild.exe - ExtractHtmlInfo.proj]
Sandcastle Help File Builder and Tools, version 2018.12.10.0
Copyright c 2006-2018, Eric Woodruff, All Rights Reserved
E-Mail: Eric@EWoodruff.us

Using LCID &#39;1033&#39;, code page &#39;65001&#39;, encoding charset &#39;UTF-8&#39;.

Processing website files in C:\idea_deve\release_10.0\_Sources\Solutions\Documentation\Help\Working\Output\Website
Processed 2426 HTML files
Sorting keywords and generating See Also indices
Saving website keyword index to C:\idea_deve\release_10.0\_Sources\Solutions\Documentation\Help\Working\WebKI.xml
Saving website table of contents to C:\idea_deve\release_10.0\_Sources\Solutions\Documentation\Help\Working\WebTOC.xml
    Last step completed in 00:00:04.1453
</buildStep>
<buildStep step="CopyStandardHelpContent">
Copying standard help content...
C:\Program Files (x86)\EWSoftware\Sandcastle Help File Builder\PresentationStyles\VS2013\icons\AlertCaution.png -&gt; C:\idea_deve\release_10.0\_Sources\Solutions\Documentation\Help\Working\Output\Website\icons\AlertCaution.png
C:\Program Files (x86)\EWSoftware\Sandcastle Help File Builder\PresentationStyles\VS2013\icons\AlertNote.png -&gt; C:\idea_deve\release_10.0\_Sources\Solutions\Documentation\Help\Working\Output\Website\icons\AlertNote.png
C:\Program Files (x86)\EWSoftware\Sandcastle Help File Builder\PresentationStyles\VS2013\icons\AlertSecurity.png -&gt; C:\idea_deve\release_10.0\_Sources\Solutions\Documentation\Help\Working\Output\Website\icons\AlertSecurity.png
C:\Program Files (x86)\EWSoftware\Sandcastle Help File Builder\PresentationStyles\VS2013\icons\CFW.gif -&gt; C:\idea_deve\release_10.0\_Sources\Solutions\Documentation\Help\Working\Output\Website\icons\CFW.gif
C:\Program Files (x86)\EWSoftware\Sandcastle Help File Builder\PresentationStyles\VS2013\icons\CodeExample.png -&gt; C:\idea_deve\release_10.0\_Sources\Solutions\Documentation\Help\Working\Output\Website\icons\CodeExample.png
C:\Program Files (x86)\EWSoftware\Sandcastle Help File Builder\PresentationStyles\VS2013\icons\favicon.ico -&gt; C:\idea_deve\release_10.0\_Sources\Solutions\Documentation\Help\Working\Output\Website\icons\favicon.ico
C:\Program Files (x86)\EWSoftware\Sandcastle Help File Builder\PresentationStyles\VS2013\icons\privclass.gif -&gt; C:\idea_deve\release_10.0\_Sources\Solutions\Documentation\Help\Working\Output\Website\icons\privclass.gif
C:\Program Files (x86)\EWSoftware\Sandcastle Help File Builder\PresentationStyles\VS2013\icons\privdelegate.gif -&gt; C:\idea_deve\release_10.0\_Sources\Solutions\Documentation\Help\Working\Output\Website\icons\privdelegate.gif
C:\Program Files (x86)\EWSoftware\Sandcastle Help File Builder\PresentationStyles\VS2013\icons\privenumeration.gif -&gt; C:\idea_deve\release_10.0\_Sources\Solutions\Documentation\Help\Working\Output\Website\icons\privenumeration.gif
C:\Program Files (x86)\EWSoftware\Sandcastle Help File Builder\PresentationStyles\VS2013\icons\privevent.gif -&gt; C:\idea_deve\release_10.0\_Sources\Solutions\Documentation\Help\Working\Output\Website\icons\privevent.gif
C:\Program Files (x86)\EWSoftware\Sandcastle Help File Builder\PresentationStyles\VS2013\icons\privextension.gif -&gt; C:\idea_deve\release_10.0\_Sources\Solutions\Documentation\Help\Working\Output\Website\icons\privextension.gif
C:\Program Files (x86)\EWSoftware\Sandcastle Help File Builder\PresentationStyles\VS2013\icons\privfield.gif -&gt; C:\idea_deve\release_10.0\_Sources\Solutions\Documentation\Help\Working\Output\Website\icons\privfield.gif
C:\Program Files (x86)\EWSoftware\Sandcastle Help File Builder\PresentationStyles\VS2013\icons\privinterface.gif -&gt; C:\idea_deve\release_10.0\_Sources\Solutions\Documentation\Help\Working\Output\Website\icons\privinterface.gif
C:\Program Files (x86)\EWSoftware\Sandcastle Help File Builder\PresentationStyles\VS2013\icons\privmethod.gif -&gt; C:\idea_deve\release_10.0\_Sources\Solutions\Documentation\Help\Working\Output\Website\icons\privmethod.gif
C:\Program Files (x86)\EWSoftware\Sandcastle Help File Builder\PresentationStyles\VS2013\icons\privproperty.gif -&gt; C:\idea_deve\release_10.0\_Sources\Solutions\Documentation\Help\Working\Output\Website\icons\privproperty.gif
C:\Program Files (x86)\EWSoftware\Sandcastle Help File Builder\PresentationStyles\VS2013\icons\privstructure.gif -&gt; C:\idea_deve\release_10.0\_Sources\Solutions\Documentation\Help\Working\Output\Website\icons\privstructure.gif
C:\Program Files (x86)\EWSoftware\Sandcastle Help File Builder\PresentationStyles\VS2013\icons\protclass.gif -&gt; C:\idea_deve\release_10.0\_Sources\Solutions\Documentation\Help\Working\Output\Website\icons\protclass.gif
C:\Program Files (x86)\EWSoftware\Sandcastle Help File Builder\PresentationStyles\VS2013\icons\protdelegate.gif -&gt; C:\idea_deve\release_10.0\_Sources\Solutions\Documentation\Help\Working\Output\Website\icons\protdelegate.gif
C:\Program Files (x86)\EWSoftware\Sandcastle Help File Builder\PresentationStyles\VS2013\icons\protenumeration.gif -&gt; C:\idea_deve\release_10.0\_Sources\Solutions\Documentation\Help\Working\Output\Website\icons\protenumeration.gif
C:\Program Files (x86)\EWSoftware\Sandcastle Help File Builder\PresentationStyles\VS2013\icons\protevent.gif -&gt; C:\idea_deve\release_10.0\_Sources\Solutions\Documentation\Help\Working\Output\Website\icons\protevent.gif
C:\Program Files (x86)\EWSoftware\Sandcastle Help File Builder\PresentationStyles\VS2013\icons\protextension.gif -&gt; C:\idea_deve\release_10.0\_Sources\Solutions\Documentation\Help\Working\Output\Website\icons\protextension.gif
C:\Program Files (x86)\EWSoftware\Sandcastle Help File Builder\PresentationStyles\VS2013\icons\protfield.gif -&gt; C:\idea_deve\release_10.0\_Sources\Solutions\Documentation\Help\Working\Output\Website\icons\protfield.gif
C:\Program Files (x86)\EWSoftware\Sandcastle Help File Builder\PresentationStyles\VS2013\icons\protinterface.gif -&gt; C:\idea_deve\release_10.0\_Sources\Solutions\Documentation\Help\Working\Output\Website\icons\protinterface.gif
C:\Program Files (x86)\EWSoftware\Sandcastle Help File Builder\PresentationStyles\VS2013\icons\protmethod.gif -&gt; C:\idea_deve\release_10.0\_Sources\Solutions\Documentation\Help\Working\Output\Website\icons\protmethod.gif
C:\Program Files (x86)\EWSoftware\Sandcastle Help File Builder\PresentationStyles\VS2013\icons\protoperator.gif -&gt; C:\idea_deve\release_10.0\_Sources\Solutions\Documentation\Help\Working\Output\Website\icons\protoperator.gif
C:\Program Files (x86)\EWSoftware\Sandcastle Help File Builder\PresentationStyles\VS2013\icons\protproperty.gif -&gt; C:\idea_deve\release_10.0\_Sources\Solutions\Documentation\Help\Working\Output\Website\icons\protproperty.gif
C:\Program Files (x86)\EWSoftware\Sandcastle Help File Builder\PresentationStyles\VS2013\icons\protstructure.gif -&gt; C:\idea_deve\release_10.0\_Sources\Solutions\Documentation\Help\Working\Output\Website\icons\protstructure.gif
C:\Program Files (x86)\EWSoftware\Sandcastle Help File Builder\PresentationStyles\VS2013\icons\pubclass.gif -&gt; C:\idea_deve\release_10.0\_Sources\Solutions\Documentation\Help\Working\Output\Website\icons\pubclass.gif
C:\Program Files (x86)\EWSoftware\Sandcastle Help File Builder\PresentationStyles\VS2013\icons\pubdelegate.gif -&gt; C:\idea_deve\release_10.0\_Sources\Solutions\Documentation\Help\Working\Output\Website\icons\pubdelegate.gif
C:\Program Files (x86)\EWSoftware\Sandcastle Help File Builder\PresentationStyles\VS2013\icons\pubenumeration.gif -&gt; C:\idea_deve\release_10.0\_Sources\Solutions\Documentation\Help\Working\Output\Website\icons\pubenumeration.gif
C:\Program Files (x86)\EWSoftware\Sandcastle Help File Builder\PresentationStyles\VS2013\icons\pubevent.gif -&gt; C:\idea_deve\release_10.0\_Sources\Solutions\Documentation\Help\Working\Output\Website\icons\pubevent.gif
C:\Program Files (x86)\EWSoftware\Sandcastle Help File Builder\PresentationStyles\VS2013\icons\pubextension.gif -&gt; C:\idea_deve\release_10.0\_Sources\Solutions\Documentation\Help\Working\Output\Website\icons\pubextension.gif
C:\Program Files (x86)\EWSoftware\Sandcastle Help File Builder\PresentationStyles\VS2013\icons\pubfield.gif -&gt; C:\idea_deve\release_10.0\_Sources\Solutions\Documentation\Help\Working\Output\Website\icons\pubfield.gif
C:\Program Files (x86)\EWSoftware\Sandcastle Help File Builder\PresentationStyles\VS2013\icons\pubinterface.gif -&gt; C:\idea_deve\release_10.0\_Sources\Solutions\Documentation\Help\Working\Output\Website\icons\pubinterface.gif
C:\Program Files (x86)\EWSoftware\Sandcastle Help File Builder\PresentationStyles\VS2013\icons\pubmethod.gif -&gt; C:\idea_deve\release_10.0\_Sources\Solutions\Documentation\Help\Working\Output\Website\icons\pubmethod.gif
C:\Program Files (x86)\EWSoftware\Sandcastle Help File Builder\PresentationStyles\VS2013\icons\puboperator.gif -&gt; C:\idea_deve\release_10.0\_Sources\Solutions\Documentation\Help\Working\Output\Website\icons\puboperator.gif
C:\Program Files (x86)\EWSoftware\Sandcastle Help File Builder\PresentationStyles\VS2013\icons\pubproperty.gif -&gt; C:\idea_deve\release_10.0\_Sources\Solutions\Documentation\Help\Working\Output\Website\icons\pubproperty.gif
C:\Program Files (x86)\EWSoftware\Sandcastle Help File Builder\PresentationStyles\VS2013\icons\pubstructure.gif -&gt; C:\idea_deve\release_10.0\_Sources\Solutions\Documentation\Help\Working\Output\Website\icons\pubstructure.gif
C:\Program Files (x86)\EWSoftware\Sandcastle Help File Builder\PresentationStyles\VS2013\icons\SectionCollapsed.png -&gt; C:\idea_deve\release_10.0\_Sources\Solutions\Documentation\Help\Working\Output\Website\icons\SectionCollapsed.png
C:\Program Files (x86)\EWSoftware\Sandcastle Help File Builder\PresentationStyles\VS2013\icons\SectionExpanded.png -&gt; C:\idea_deve\release_10.0\_Sources\Solutions\Documentation\Help\Working\Output\Website\icons\SectionExpanded.png
C:\Program Files (x86)\EWSoftware\Sandcastle Help File Builder\PresentationStyles\VS2013\icons\slMobile.gif -&gt; C:\idea_deve\release_10.0\_Sources\Solutions\Documentation\Help\Working\Output\Website\icons\slMobile.gif
C:\Program Files (x86)\EWSoftware\Sandcastle Help File Builder\PresentationStyles\VS2013\icons\static.gif -&gt; C:\idea_deve\release_10.0\_Sources\Solutions\Documentation\Help\Working\Output\Website\icons\static.gif
C:\Program Files (x86)\EWSoftware\Sandcastle Help File Builder\PresentationStyles\VS2013\icons\xna.gif -&gt; C:\idea_deve\release_10.0\_Sources\Solutions\Documentation\Help\Working\Output\Website\icons\xna.gif
C:\Program Files (x86)\EWSoftware\Sandcastle Help File Builder\PresentationStyles\VS2013\scripts\branding.js -&gt; C:\idea_deve\release_10.0\_Sources\Solutions\Documentation\Help\Working\Output\Website\scripts\branding.js
C:\Program Files (x86)\EWSoftware\Sandcastle Help File Builder\PresentationStyles\VS2013\styles\branding-cs-CZ.css -&gt; C:\idea_deve\release_10.0\_Sources\Solutions\Documentation\Help\Working\Output\Website\styles\branding-cs-CZ.css
C:\Program Files (x86)\EWSoftware\Sandcastle Help File Builder\PresentationStyles\VS2013\styles\branding-de-DE.css -&gt; C:\idea_deve\release_10.0\_Sources\Solutions\Documentation\Help\Working\Output\Website\styles\branding-de-DE.css
C:\Program Files (x86)\EWSoftware\Sandcastle Help File Builder\PresentationStyles\VS2013\styles\branding-en-US.css -&gt; C:\idea_deve\release_10.0\_Sources\Solutions\Documentation\Help\Working\Output\Website\styles\branding-en-US.css
C:\Program Files (x86)\EWSoftware\Sandcastle Help File Builder\PresentationStyles\VS2013\styles\branding-es-ES.css -&gt; C:\idea_deve\release_10.0\_Sources\Solutions\Documentation\Help\Working\Output\Website\styles\branding-es-ES.css
C:\Program Files (x86)\EWSoftware\Sandcastle Help File Builder\PresentationStyles\VS2013\styles\branding-fr-FR.css -&gt; C:\idea_deve\release_10.0\_Sources\Solutions\Documentation\Help\Working\Output\Website\styles\branding-fr-FR.css
C:\Program Files (x86)\EWSoftware\Sandcastle Help File Builder\PresentationStyles\VS2013\styles\branding-Help1.css -&gt; C:\idea_deve\release_10.0\_Sources\Solutions\Documentation\Help\Working\Output\Website\styles\branding-Help1.css
C:\Program Files (x86)\EWSoftware\Sandcastle Help File Builder\PresentationStyles\VS2013\styles\branding-HelpViewer.css -&gt; C:\idea_deve\release_10.0\_Sources\Solutions\Documentation\Help\Working\Output\Website\styles\branding-HelpViewer.css
C:\Program Files (x86)\EWSoftware\Sandcastle Help File Builder\PresentationStyles\VS2013\styles\branding-it-IT.css -&gt; C:\idea_deve\release_10.0\_Sources\Solutions\Documentation\Help\Working\Output\Website\styles\branding-it-IT.css
C:\Program Files (x86)\EWSoftware\Sandcastle Help File Builder\PresentationStyles\VS2013\styles\branding-ja-JP.css -&gt; C:\idea_deve\release_10.0\_Sources\Solutions\Documentation\Help\Working\Output\Website\styles\branding-ja-JP.css
C:\Program Files (x86)\EWSoftware\Sandcastle Help File Builder\PresentationStyles\VS2013\styles\branding-ko-KR.css -&gt; C:\idea_deve\release_10.0\_Sources\Solutions\Documentation\Help\Working\Output\Website\styles\branding-ko-KR.css
C:\Program Files (x86)\EWSoftware\Sandcastle Help File Builder\PresentationStyles\VS2013\styles\branding-pl-PL.css -&gt; C:\idea_deve\release_10.0\_Sources\Solutions\Documentation\Help\Working\Output\Website\styles\branding-pl-PL.css
C:\Program Files (x86)\EWSoftware\Sandcastle Help File Builder\PresentationStyles\VS2013\styles\branding-pt-BR.css -&gt; C:\idea_deve\release_10.0\_Sources\Solutions\Documentation\Help\Working\Output\Website\styles\branding-pt-BR.css
C:\Program Files (x86)\EWSoftware\Sandcastle Help File Builder\PresentationStyles\VS2013\styles\branding-ru-RU.css -&gt; C:\idea_deve\release_10.0\_Sources\Solutions\Documentation\Help\Working\Output\Website\styles\branding-ru-RU.css
C:\Program Files (x86)\EWSoftware\Sandcastle Help File Builder\PresentationStyles\VS2013\styles\branding-tr-TR.css -&gt; C:\idea_deve\release_10.0\_Sources\Solutions\Documentation\Help\Working\Output\Website\styles\branding-tr-TR.css
C:\Program Files (x86)\EWSoftware\Sandcastle Help File Builder\PresentationStyles\VS2013\styles\branding-Website.css -&gt; C:\idea_deve\release_10.0\_Sources\Solutions\Documentation\Help\Working\Output\Website\styles\branding-Website.css
C:\Program Files (x86)\EWSoftware\Sandcastle Help File Builder\PresentationStyles\VS2013\styles\branding-zh-CN.css -&gt; C:\idea_deve\release_10.0\_Sources\Solutions\Documentation\Help\Working\Output\Website\styles\branding-zh-CN.css
C:\Program Files (x86)\EWSoftware\Sandcastle Help File Builder\PresentationStyles\VS2013\styles\branding-zh-TW.css -&gt; C:\idea_deve\release_10.0\_Sources\Solutions\Documentation\Help\Working\Output\Website\styles\branding-zh-TW.css
C:\Program Files (x86)\EWSoftware\Sandcastle Help File Builder\PresentationStyles\VS2013\styles\branding.css -&gt; C:\idea_deve\release_10.0\_Sources\Solutions\Documentation\Help\Working\Output\Website\styles\branding.css
C:\Program Files (x86)\EWSoftware\Sandcastle Help File Builder\PresentationStyles\VS2013\Web\index.html -&gt; C:\idea_deve\release_10.0\_Sources\Solutions\Documentation\Help\Working\Output\Website\index.html
C:\Program Files (x86)\EWSoftware\Sandcastle Help File Builder\PresentationStyles\VS2013\Web\search.html -&gt; C:\idea_deve\release_10.0\_Sources\Solutions\Documentation\Help\Working\Output\Website\search.html
C:\Program Files (x86)\EWSoftware\Sandcastle Help File Builder\PresentationStyles\VS2013\Web\SearchHelp.aspx -&gt; C:\idea_deve\release_10.0\_Sources\Solutions\Documentation\Help\Working\Output\Website\SearchHelp.aspx
C:\Program Files (x86)\EWSoftware\Sandcastle Help File Builder\PresentationStyles\VS2013\Web\SearchHelp.inc.php -&gt; C:\idea_deve\release_10.0\_Sources\Solutions\Documentation\Help\Working\Output\Website\SearchHelp.inc.php
C:\Program Files (x86)\EWSoftware\Sandcastle Help File Builder\PresentationStyles\VS2013\Web\SearchHelp.php -&gt; C:\idea_deve\release_10.0\_Sources\Solutions\Documentation\Help\Working\Output\Website\SearchHelp.php
C:\Program Files (x86)\EWSoftware\Sandcastle Help File Builder\PresentationStyles\VS2013\Web\Web.Config -&gt; C:\idea_deve\release_10.0\_Sources\Solutions\Documentation\Help\Working\Output\Website\Web.Config
C:\Program Files (x86)\EWSoftware\Sandcastle Help File Builder\PresentationStyles\VS2013\Web\html\GeneralError.htm -&gt; C:\idea_deve\release_10.0\_Sources\Solutions\Documentation\Help\Working\Output\Website\html\GeneralError.htm
C:\Program Files (x86)\EWSoftware\Sandcastle Help File Builder\PresentationStyles\VS2013\Web\html\PageNotFound.htm -&gt; C:\idea_deve\release_10.0\_Sources\Solutions\Documentation\Help\Working\Output\Website\html\PageNotFound.htm
C:\Program Files (x86)\EWSoftware\Sandcastle Help File Builder\PresentationStyles\VS2013\Web\icons\Search.png -&gt; C:\idea_deve\release_10.0\_Sources\Solutions\Documentation\Help\Working\Output\Website\icons\Search.png
C:\Program Files (x86)\EWSoftware\Sandcastle Help File Builder\PresentationStyles\VS2013\Web\icons\TocClose.gif -&gt; C:\idea_deve\release_10.0\_Sources\Solutions\Documentation\Help\Working\Output\Website\icons\TocClose.gif
C:\Program Files (x86)\EWSoftware\Sandcastle Help File Builder\PresentationStyles\VS2013\Web\icons\TocCollapsed.gif -&gt; C:\idea_deve\release_10.0\_Sources\Solutions\Documentation\Help\Working\Output\Website\icons\TocCollapsed.gif
C:\Program Files (x86)\EWSoftware\Sandcastle Help File Builder\PresentationStyles\VS2013\Web\icons\TocExpanded.gif -&gt; C:\idea_deve\release_10.0\_Sources\Solutions\Documentation\Help\Working\Output\Website\icons\TocExpanded.gif
C:\Program Files (x86)\EWSoftware\Sandcastle Help File Builder\PresentationStyles\VS2013\Web\icons\TocOpen.gif -&gt; C:\idea_deve\release_10.0\_Sources\Solutions\Documentation\Help\Working\Output\Website\icons\TocOpen.gif
C:\Program Files (x86)\EWSoftware\Sandcastle Help File Builder\PresentationStyles\VS2013\Web\scripts\branding-Website.js -&gt; C:\idea_deve\release_10.0\_Sources\Solutions\Documentation\Help\Working\Output\Website\scripts\branding-Website.js
C:\Program Files (x86)\EWSoftware\Sandcastle Help File Builder\PresentationStyles\VS2013\Web\scripts\clipboard.min.js -&gt; C:\idea_deve\release_10.0\_Sources\Solutions\Documentation\Help\Working\Output\Website\scripts\clipboard.min.js
C:\Program Files (x86)\EWSoftware\Sandcastle Help File Builder\PresentationStyles\VS2013\Web\scripts\jquery-3.3.1.min.js -&gt; C:\idea_deve\release_10.0\_Sources\Solutions\Documentation\Help\Working\Output\Website\scripts\jquery-3.3.1.min.js
    Last step completed in 00:00:00.2813
</buildStep>
<buildStep step="GenerateHelpFormatTableOfContents">
Generating website table of contents file...
    Last step completed in 00:00:00.0000
</buildStep>
<buildStep step="GenerateFullTextIndex">
Generating full-text index for the website...

<plugIn name="Lightweight Website Style" behavior="After" priority="1000">
Adding lightweight search and TOC elements to each topic...
</plugIn>    Last step completed in 00:00:08.0595
</buildStep>
<buildStep step="CopyingWebsiteFiles">
Copying website files to output folder...

Copied 500 files
Copied 1000 files
Copied 1500 files
Copied 2000 files
Copied 2500 files
Copied 3000 files
Copied 3152 files for the website content
    Last step completed in 00:00:04.0875
</buildStep>
<buildStep step="CleanIntermediates">
Removing intermediate files...
    Last step completed in 00:00:00.3750
</buildStep>
<buildStep step="Completed">

Build completed successfully at 09.04.2019 13:23:16.  Total time: 00:00:31.3512

</buildStep>
</shfbBuild>
