<?xml version="1.0" encoding="utf-8"?>
<shfbBuild product="Sandcastle Help File Builder and Tools" version="2018.12.10.0" projectFile="C:\idea_deve\release_10.0\_Sources\Solutions\Documentation\IdeaConnectionLink.shfbproj" started="09.04.2019 13:25:17">
<buildStep step="Initializing">
Finding tools...
The Sandcastle tools are located in &#39;C:\Program Files (x86)\EWSoftware\Sandcastle Help File Builder\&#39;
Locating components in the following folder(s):
    C:\idea_deve\release_10.0\_Sources\Solutions\Documentation
    C:\ProgramData\EWSoftware\Sandcastle Help File Builder\Components and Plug-Ins\
    C:\Program Files (x86)\EWSoftware\Sandcastle Help File Builder\
Using framework reflection data for &#39;.NET Framework 4.0&#39; located in &#39;C:\Program Files (x86)\EWSoftware\Sandcastle Help File Builder\Data\.NETFramework&#39;
Using presentation style &#39;VS2013&#39; located in &#39;C:\Program Files (x86)\EWSoftware\Sandcastle Help File Builder\PresentationStyles\VS2013&#39;
Loading and initializing plug-ins...
Lightweight Website Style Version 2018.12.10.0
Copyright &#169; 2006-2018, Eric Woodruff, All Rights Reserved
Portions Copyright &#169; 2014, Sam Harwell, All Rights Reserved
-------------------------------
Clearing any prior web/markdown output...
</buildStep>
<buildStep step="ValidatingDocumentationSources">
Validating and copying documentation source information
Source: C:\idea_deve\release_10.0\_Sources\Connections\IdeaRS.ConnectionLink\IdeaRS.ConnectionLink.csproj
    Found project &#39;C:\idea_deve\release_10.0\_Sources\Connections\IdeaRS.ConnectionLink\IdeaRS.ConnectionLink.csproj&#39;

Parsing project files
    Found assembly &#39;C:\idea_deve\release_10.0\_Sources\Connections\IdeaRS.ConnectionLink\..\..\bin\Debug\IdeaRS.ConnectionLink.dll&#39;
SHFB: Warning BE0007: A project with a different or higher framework version was found.  Changing project FrameworkVersion property from &#39;.NET Framework 4.0&#39; to &#39;.NET Framework 4.7&#39; for the build.

References to include (excluding framework assemblies):
    log4net, Version=1.2.10.0, Culture=neutral, processorArchitecture=MSIL
    Newtonsoft.Json, Version=12.0.0.0, Culture=neutral, PublicKeyToken=30ad4fe6b2a6aeed, processorArchitecture=MSIL
    Telerik.Windows.Controls, Version=2018.1.220.45, Culture=neutral, PublicKeyToken=5803cfa389c90ce7, processorArchitecture=MSIL
    Unity.Abstractions, Version=3.3.1.0, Culture=neutral, PublicKeyToken=6d32ff45e0ccc69f, processorArchitecture=MSIL
    Unity.Container, Version=5.8.11.0, Culture=neutral, PublicKeyToken=489b6accfaf20ef0, processorArchitecture=MSIL

Copying XML comments files
    C:\idea_deve\release_10.0\_Sources\Connections\IdeaRS.ConnectionLink\..\..\bin\Debug\IdeaRS.ConnectionLink.XML -&gt; C:\idea_deve\release_10.0\_Sources\Solutions\Documentation\Help\Working\IdeaRS.ConnectionLink.XML
</buildStep>
<buildStep step="GenerateSharedContent">
Generating shared content files (en-US, English (United States))...
<plugIn name="Lightweight Website Style" behavior="After" priority="1000">
</plugIn>    Last step completed in 00:00:00.0156
</buildStep>
<buildStep step="GenerateApiFilter">
Generating API filter for MRefBuilder...
    Last step completed in 00:00:00.0000
</buildStep>
<buildStep step="GenerateReflectionInfo">
Generating reflection information...
[C:\Program Files (x86)\MSBuild\14.0\bin\amd64\MSBuild.exe - GenerateRefInfo.proj]
Build started 09.04.2019 13:25:18.
Project &quot;C:\idea_deve\release_10.0\_Sources\Solutions\Documentation\Help\Working\GenerateRefInfo.proj&quot; on node 1 (default targets).
PrepareForBuild:
  Creating directory &quot;obj\Debug\&quot;.
GenerateRefInfo:
  MRefBuilder (v2018.12.10.0)
  Copyright c 2006-2018, Microsoft Corporation, All Rights Reserved.
  Portions Copyright c 2006-2018, Eric Woodruff, All Rights Reserved.
  No source code context base path specified.  Source context information is unavailable.
  Loaded 1 assemblies for reflection and 6 dependency assemblies.
  Wrote information on 2 namespaces, 5 types, and 73 members
  Copying file from &quot;reflection.org&quot; to &quot;reflection.all&quot;.
  XslTransform (v2018.12.10.0)
  Copyright c 2006-2018, Microsoft Corporation, All Rights Reserved.
  Portions Copyright c 2006-2018, Eric Woodruff, All Rights Reserved.
  Applying XSL transformation &#39;C:\Program Files (x86)\EWSoftware\Sandcastle Help File Builder\ProductionTransforms\MergeDuplicates.xsl&#39;.
Done Building Project &quot;C:\idea_deve\release_10.0\_Sources\Solutions\Documentation\Help\Working\GenerateRefInfo.proj&quot; (default targets).

Build succeeded.

Time Elapsed 00:00:01.09
    Last step completed in 00:00:01.2054
</buildStep>
<buildStep step="TransformReflectionInfo">
Transforming reflection output...
[C:\Program Files (x86)\MSBuild\14.0\bin\amd64\MSBuild.exe - TransformManifest.proj]
Build started 09.04.2019 13:25:19.
Project &quot;C:\idea_deve\release_10.0\_Sources\Solutions\Documentation\Help\Working\TransformManifest.proj&quot; on node 1 (default targets).
TransformManifest:
  XslTransform (v2018.12.10.0)
  Copyright c 2006-2018, Microsoft Corporation, All Rights Reserved.
  Portions Copyright c 2006-2018, Eric Woodruff, All Rights Reserved.
  Applying XSL transformation &#39;C:\Program Files (x86)\EWSoftware\Sandcastle Help File Builder\\ProductionTransforms\ApplyVSDocModel.xsl&#39;.
  Copying file from &quot;reflection.xml&quot; to &quot;reflection.ungrouped&quot;.
  AddNamespaceGroups (v2018.12.10.0)
  Copyright c 2006-2018, Eric Woodruff, All Rights Reserved
  Added 0 namespace group entries
  Copying file from &quot;reflection.xml&quot; to &quot;reflection.nofilenames&quot;.
  XslTransform (v2018.12.10.0)
  Copyright c 2006-2018, Microsoft Corporation, All Rights Reserved.
  Portions Copyright c 2006-2018, Eric Woodruff, All Rights Reserved.
  Applying XSL transformation &#39;C:\Program Files (x86)\EWSoftware\Sandcastle Help File Builder\ProductionTransforms\AddFilenames.xsl&#39;.
  XslTransform (v2018.12.10.0)
  Copyright c 2006-2018, Microsoft Corporation, All Rights Reserved.
  Portions Copyright c 2006-2018, Eric Woodruff, All Rights Reserved.
  Applying XSL transformation &#39;C:\Program Files (x86)\EWSoftware\Sandcastle Help File Builder\ProductionTransforms\ReflectionToManifest.xsl&#39;.
Done Building Project &quot;C:\idea_deve\release_10.0\_Sources\Solutions\Documentation\Help\Working\TransformManifest.proj&quot; (default targets).

Build succeeded.

Time Elapsed 00:00:00.54
    Last step completed in 00:00:00.6424
</buildStep>
<buildStep step="GenerateNamespaceSummaries">
Generating namespace summary information...
    Last step completed in 00:00:00.2439
</buildStep>
<buildStep step="GenerateInheritedDocumentation">
Generating inherited documentation...
[C:\Program Files (x86)\MSBuild\14.0\bin\amd64\MSBuild.exe - GenerateInheritedDocs.proj]
Sandcastle Help File Builder and Tools, version 2018.12.10.0
Copyright c 2006-2018, Eric Woodruff, All Rights Reserved
E-Mail: Eric@EWoodruff.us

Reflection information will be retrieved from &#39;reflection.xml&#39;
Inherited documentation will be written to &#39;_InheritedDocs_.xml&#39;
Indexing C:\Program Files (x86)\Reference Assemblies\Microsoft\Framework\.NETFramework\v4.7\*.xml
Indexing C:\idea_deve\release_10.0\_Sources\Solutions\Documentation\Help\Working\Telerik.Windows.Controls.xml
Indexing C:\idea_deve\release_10.0\_Sources\Solutions\Documentation\Help\Working\Newtonsoft.Json.xml
Indexing C:\idea_deve\release_10.0\_Sources\Solutions\Documentation\Help\Working\IdeaRS.ConnectionLink.XML
Indexed 168406 members in 129 file(s).  3 file(s) to scan for &lt;inheritdoc /&gt; tags.
Merging inherited documentation...


Documentation merged successfully
    Last step completed in 00:00:01.1492
</buildStep>
<buildStep step="CopyAdditionalContent">
Copying additional content files...
No additional content to copy
    Last step completed in 00:00:00.0000
</buildStep>
<buildStep step="MergeTablesOfContents">
Merging conceptual and additional tables of contents...
    Last step completed in 00:00:00.0000
</buildStep>
<buildStep step="GenerateIntermediateTableOfContents">
Generating intermediate table of contents file...
[C:\Program Files (x86)\MSBuild\14.0\bin\amd64\MSBuild.exe - GenerateIntermediateTOC.proj]
Build started 09.04.2019 13:25:21.
Project &quot;C:\idea_deve\release_10.0\_Sources\Solutions\Documentation\Help\Working\GenerateIntermediateTOC.proj&quot; on node 1 (default targets).
GenerateIntermediateTOC:
  XslTransform (v2018.12.10.0)
  Copyright c 2006-2018, Microsoft Corporation, All Rights Reserved.
  Portions Copyright c 2006-2018, Eric Woodruff, All Rights Reserved.
  Applying XSL transformation &#39;C:\Program Files (x86)\EWSoftware\Sandcastle Help File Builder\\ProductionTransforms\CreateVSToc.xsl&#39;.
Done Building Project &quot;C:\idea_deve\release_10.0\_Sources\Solutions\Documentation\Help\Working\GenerateIntermediateTOC.proj&quot; (default targets).

Build succeeded.

Time Elapsed 00:00:00.10
Generating conceptual content intermediate TOC file...
    Last step completed in 00:00:00.2187
</buildStep>
<buildStep step="CreateBuildAssemblerConfigs">
Creating Sandcastle configuration files...
    sandcastle.config
    Last step completed in 00:00:00.2544
</buildStep>
<buildStep step="MergeCustomConfigs">
Merging custom build component configurations
C:\idea_deve\release_10.0\_Sources\Solutions\Documentation\Help\Working\sandcastle.config
  Updating reference topic configurations.
  No conceptual content.  Removing conceptual content components.
    Last step completed in 00:00:00.0156
</buildStep>
<buildStep step="BuildTopics">
Building help topics...
[C:\Program Files (x86)\MSBuild\14.0\bin\amd64\MSBuild.exe - BuildTopics.proj]
Build started 09.04.2019 13:25:22.
Project &quot;C:\idea_deve\release_10.0\_Sources\Solutions\Documentation\Help\Working\BuildTopics.proj&quot; on node 1 (default targets).
BuildTopics:
  BuildAssembler (v2018.12.10.0)
  Copyright c 2006-2018, Microsoft Corporation, All Rights Reserved.
  Portions Copyright c 2006-2018, Eric Woodruff, All Rights Reserved.
  Loading configuration...
  Processing topics...
BuildAssembler : warning : ShowMissingComponent: [N:IdeaRS.ConnectionLink] Missing &lt;summary&gt; documentation [C:\idea_deve\release_10.0\_Sources\Solutions\Documentation\Help\Working\BuildTopics.proj]
BuildAssembler : warning : ShowMissingComponent: [M:IdeaRS.ConnectionLink.ConnectionLink.CalculateIdeaConnection(System.String,IdeaRS.OpenModel.Connection.IdeaConImportSettings)] Missing &lt;summary&gt; documentation [C:\idea_deve\release_10.0\_Sources\Solutions\Documentation\Help\Working\BuildTopics.proj]
BuildAssembler : warning : ShowMissingComponent: [M:IdeaRS.ConnectionLink.ConnectionLink.CalculateIdeaConnection(System.String,IdeaRS.OpenModel.Connection.IdeaConImportSettings)] Missing &lt;param name=&quot;conProjFileName&quot;/&gt; documentation [C:\idea_deve\release_10.0\_Sources\Solutions\Documentation\Help\Working\BuildTopics.proj]
BuildAssembler : warning : ShowMissingComponent: [M:IdeaRS.ConnectionLink.ConnectionLink.CalculateIdeaConnection(System.String,IdeaRS.OpenModel.Connection.IdeaConImportSettings)] Missing &lt;param name=&quot;importSettings&quot;/&gt; documentation [C:\idea_deve\release_10.0\_Sources\Solutions\Documentation\Help\Working\BuildTopics.proj]
BuildAssembler : warning : ResolveReferenceLinksComponent: [M:IdeaRS.ConnectionLink.ConnectionLink.CalculateIdeaConnection(System.String,IdeaRS.OpenModel.Connection.IdeaConImportSettings)] Unknown reference link target &#39;T:IdeaRS.OpenModel.Connection.IdeaConImportSettings&#39;. [C:\idea_deve\release_10.0\_Sources\Solutions\Documentation\Help\Working\BuildTopics.proj]
BuildAssembler : warning : ResolveReferenceLinksComponent: [P:IdeaRS.ConnectionLink.ConnectionLink.ExtrenalLinkLogger] Unknown reference link target &#39;T:log4net.ILog&#39;. [C:\idea_deve\release_10.0\_Sources\Solutions\Documentation\Help\Working\BuildTopics.proj]
BuildAssembler : warning : ResolveReferenceLinksComponent: [M:IdeaRS.ConnectionLink.ConnectionLink.GenerateSourceConnectionData(System.Action{IdeaRS.OpenModel.Message.IIOMSettings,IdeaRS.OpenModel.Message.IDEAProgress},IdeaRS.OpenModel.Connection.IdeaConImportSettings,IdeaRS.OpenModel.Message.IDEAProgress,IdeaRS.IIdeaProject@)] Unknown reference link target &#39;T:IdeaRS.OpenModel.Message.IIOMSettings&#39;. [C:\idea_deve\release_10.0\_Sources\Solutions\Documentation\Help\Working\BuildTopics.proj]
BuildAssembler : warning : ResolveReferenceLinksComponent: [M:IdeaRS.ConnectionLink.ConnectionLink.GenerateSourceConnectionData(System.Action{IdeaRS.OpenModel.Message.IIOMSettings,IdeaRS.OpenModel.Message.IDEAProgress},IdeaRS.OpenModel.Connection.IdeaConImportSettings,IdeaRS.OpenModel.Message.IDEAProgress,IdeaRS.IIdeaProject@)] Unknown reference link target &#39;T:IdeaRS.OpenModel.Message.IDEAProgress&#39;. [C:\idea_deve\release_10.0\_Sources\Solutions\Documentation\Help\Working\BuildTopics.proj]
BuildAssembler : warning : ResolveReferenceLinksComponent: [M:IdeaRS.ConnectionLink.ConnectionLink.GenerateSourceConnectionData(System.Action{IdeaRS.OpenModel.Message.IIOMSettings,IdeaRS.OpenModel.Message.IDEAProgress},IdeaRS.OpenModel.Connection.IdeaConImportSettings,IdeaRS.OpenModel.Message.IDEAProgress,IdeaRS.IIdeaProject@)] Unknown reference link target &#39;T:IdeaRS.OpenModel.Connection.IdeaConImportSettings&#39;. [C:\idea_deve\release_10.0\_Sources\Solutions\Documentation\Help\Working\BuildTopics.proj]
BuildAssembler : warning : ResolveReferenceLinksComponent: [M:IdeaRS.ConnectionLink.ConnectionLink.GenerateSourceConnectionData(System.Action{IdeaRS.OpenModel.Message.IIOMSettings,IdeaRS.OpenModel.Message.IDEAProgress},IdeaRS.OpenModel.Connection.IdeaConImportSettings,IdeaRS.OpenModel.Message.IDEAProgress,IdeaRS.IIdeaProject@)] Unknown reference link target &#39;T:IdeaRS.OpenModel.Message.IDEAProgress&#39;. [C:\idea_deve\release_10.0\_Sources\Solutions\Documentation\Help\Working\BuildTopics.proj]
BuildAssembler : warning : ResolveReferenceLinksComponent: [M:IdeaRS.ConnectionLink.ConnectionLink.GenerateSourceConnectionData(System.Action{IdeaRS.OpenModel.Message.IIOMSettings,IdeaRS.OpenModel.Message.IDEAProgress},IdeaRS.OpenModel.Connection.IdeaConImportSettings,IdeaRS.OpenModel.Message.IDEAProgress,IdeaRS.IIdeaProject@)] Unknown reference link target &#39;T:IdeaRS.IIdeaProject&#39;. [C:\idea_deve\release_10.0\_Sources\Solutions\Documentation\Help\Working\BuildTopics.proj]
BuildAssembler : warning : ShowMissingComponent: [M:IdeaRS.ConnectionLink.ConnectionLink.GetConnectionData(System.Guid)] Missing &lt;summary&gt; documentation [C:\idea_deve\release_10.0\_Sources\Solutions\Documentation\Help\Working\BuildTopics.proj]
BuildAssembler : warning : ShowMissingComponent: [M:IdeaRS.ConnectionLink.ConnectionLink.GetConnectionData(System.Guid)] Missing &lt;returns&gt; documentation [C:\idea_deve\release_10.0\_Sources\Solutions\Documentation\Help\Working\BuildTopics.proj]
BuildAssembler : warning : ShowMissingComponent: [M:IdeaRS.ConnectionLink.ConnectionLink.GetConnectionData(System.Guid)] Missing &lt;param name=&quot;connectionId&quot;/&gt; documentation [C:\idea_deve\release_10.0\_Sources\Solutions\Documentation\Help\Working\BuildTopics.proj]
BuildAssembler : warning : ResolveReferenceLinksComponent: [M:IdeaRS.ConnectionLink.ConnectionLink.GetConnectionData(System.Guid)] Unknown reference link target &#39;M:IdeaRS.OpenModel.Connection.IAppController.GetConnectionData(System.Guid)&#39;. [C:\idea_deve\release_10.0\_Sources\Solutions\Documentation\Help\Working\BuildTopics.proj]
BuildAssembler : warning : ShowMissingComponent: [M:IdeaRS.ConnectionLink.ConnectionLink.GetConnectionDataXML(System.Guid)] Missing &lt;summary&gt; documentation [C:\idea_deve\release_10.0\_Sources\Solutions\Documentation\Help\Working\BuildTopics.proj]
BuildAssembler : warning : ShowMissingComponent: [M:IdeaRS.ConnectionLink.ConnectionLink.GetConnectionDataXML(System.Guid)] Missing &lt;returns&gt; documentation [C:\idea_deve\release_10.0\_Sources\Solutions\Documentation\Help\Working\BuildTopics.proj]
BuildAssembler : warning : ShowMissingComponent: [M:IdeaRS.ConnectionLink.ConnectionLink.GetConnectionDataXML(System.Guid)] Missing &lt;param name=&quot;connectionId&quot;/&gt; documentation [C:\idea_deve\release_10.0\_Sources\Solutions\Documentation\Help\Working\BuildTopics.proj]
BuildAssembler : warning : ShowMissingComponent: [M:IdeaRS.ConnectionLink.ConnectionLink.GetConnectionProjectInfo(System.String)] Missing &lt;summary&gt; documentation [C:\idea_deve\release_10.0\_Sources\Solutions\Documentation\Help\Working\BuildTopics.proj]
BuildAssembler : warning : ShowMissingComponent: [M:IdeaRS.ConnectionLink.ConnectionLink.GetConnectionProjectInfo(System.String)] Missing &lt;returns&gt; documentation [C:\idea_deve\release_10.0\_Sources\Solutions\Documentation\Help\Working\BuildTopics.proj]
BuildAssembler : warning : ShowMissingComponent: [M:IdeaRS.ConnectionLink.ConnectionLink.GetConnectionProjectInfo(System.String)] Missing &lt;param name=&quot;fileName&quot;/&gt; documentation [C:\idea_deve\release_10.0\_Sources\Solutions\Documentation\Help\Working\BuildTopics.proj]
BuildAssembler : warning : ShowMissingComponent: [M:IdeaRS.ConnectionLink.ConnectionLink.GetIdeaConnectionProject] Missing &lt;summary&gt; documentation [C:\idea_deve\release_10.0\_Sources\Solutions\Documentation\Help\Working\BuildTopics.proj]
BuildAssembler : warning : ShowMissingComponent: [M:IdeaRS.ConnectionLink.ConnectionLink.GetIdeaConnectionProject] Missing &lt;returns&gt; documentation [C:\idea_deve\release_10.0\_Sources\Solutions\Documentation\Help\Working\BuildTopics.proj]
BuildAssembler : warning : ResolveReferenceLinksComponent: [M:IdeaRS.ConnectionLink.ConnectionLink.GetIdeaConnectionProject] Unknown reference link target &#39;M:IdeaRS.OpenModel.Connection.IAppController.GetIdeaConnectionProject&#39;. [C:\idea_deve\release_10.0\_Sources\Solutions\Documentation\Help\Working\BuildTopics.proj]
BuildAssembler : warning : ShowMissingComponent: [M:IdeaRS.ConnectionLink.ConnectionLink.GetProtocolArchiveForProject(System.String)] Missing &lt;param name=&quot;fileName&quot;/&gt; documentation [C:\idea_deve\release_10.0\_Sources\Solutions\Documentation\Help\Working\BuildTopics.proj]
BuildAssembler : warning : ResolveReferenceLinksComponent: [F:IdeaRS.ConnectionLink.ConnectionLink.LinkLogger] Unknown reference link target &#39;T:log4net.ILog&#39;. [C:\idea_deve\release_10.0\_Sources\Solutions\Documentation\Help\Working\BuildTopics.proj]
BuildAssembler : warning : ShowMissingComponent: [M:IdeaRS.ConnectionLink.ConnectionLink.OpenIdeaConnection(System.Byte[],System.Byte[],System.Byte[],System.Byte[],System.Byte[])] Missing &lt;summary&gt; documentation [C:\idea_deve\release_10.0\_Sources\Solutions\Documentation\Help\Working\BuildTopics.proj]
BuildAssembler : warning : ShowMissingComponent: [M:IdeaRS.ConnectionLink.ConnectionLink.OpenIdeaConnection(System.Byte[],System.Byte[],System.Byte[],System.Byte[],System.Byte[])] Missing &lt;param name=&quot;iom&quot;/&gt; documentation [C:\idea_deve\release_10.0\_Sources\Solutions\Documentation\Help\Working\BuildTopics.proj]
BuildAssembler : warning : ShowMissingComponent: [M:IdeaRS.ConnectionLink.ConnectionLink.OpenIdeaConnection(System.Byte[],System.Byte[],System.Byte[],System.Byte[],System.Byte[])] Missing &lt;param name=&quot;results&quot;/&gt; documentation [C:\idea_deve\release_10.0\_Sources\Solutions\Documentation\Help\Working\BuildTopics.proj]
BuildAssembler : warning : ShowMissingComponent: [M:IdeaRS.ConnectionLink.ConnectionLink.OpenIdeaConnection(System.Byte[],System.Byte[],System.Byte[],System.Byte[],System.Byte[])] Missing &lt;param name=&quot;existingConProj&quot;/&gt; documentation [C:\idea_deve\release_10.0\_Sources\Solutions\Documentation\Help\Working\BuildTopics.proj]
BuildAssembler : warning : ShowMissingComponent: [M:IdeaRS.ConnectionLink.ConnectionLink.OpenIdeaConnection(System.Byte[],System.Byte[],System.Byte[],System.Byte[],System.Byte[])] Missing &lt;param name=&quot;requiredTemplate&quot;/&gt; documentation [C:\idea_deve\release_10.0\_Sources\Solutions\Documentation\Help\Working\BuildTopics.proj]
BuildAssembler : warning : ShowMissingComponent: [M:IdeaRS.ConnectionLink.ConnectionLink.OpenIdeaConnection(System.Byte[],System.Byte[],System.Byte[],System.Byte[],System.Byte[])] Missing &lt;param name=&quot;importSettings&quot;/&gt; documentation [C:\idea_deve\release_10.0\_Sources\Solutions\Documentation\Help\Working\BuildTopics.proj]
BuildAssembler : warning : ResolveReferenceLinksComponent: [M:IdeaRS.ConnectionLink.ConnectionLink.OpenIdeaConnection(System.Byte[],System.Byte[],System.Byte[],System.Byte[],System.Byte[])] Unknown reference link target &#39;M:IdeaRS.OpenModel.Connection.IAppController.OpenIdeaConnection(System.Byte[],System.Byte[],System.Byte[],System.Byte[],System.Byte[])&#39;. [C:\idea_deve\release_10.0\_Sources\Solutions\Documentation\Help\Working\BuildTopics.proj]
BuildAssembler : warning : ResolveReferenceLinksComponent: [M:IdeaRS.ConnectionLink.ConnectionLink.OpenIdeaConnectionInternal(IdeaRS.OpenModel.Connection.IdeaConImportSettings,IdeaRS.OpenModel.Message.IDEAProgress,IdeaRS.IIdeaProject,System.String@)] Unknown reference link target &#39;T:IdeaRS.OpenModel.Connection.IdeaConImportSettings&#39;. [C:\idea_deve\release_10.0\_Sources\Solutions\Documentation\Help\Working\BuildTopics.proj]
BuildAssembler : warning : ResolveReferenceLinksComponent: [M:IdeaRS.ConnectionLink.ConnectionLink.OpenIdeaConnectionInternal(IdeaRS.OpenModel.Connection.IdeaConImportSettings,IdeaRS.OpenModel.Message.IDEAProgress,IdeaRS.IIdeaProject,System.String@)] Unknown reference link target &#39;T:IdeaRS.OpenModel.Message.IDEAProgress&#39;. [C:\idea_deve\release_10.0\_Sources\Solutions\Documentation\Help\Working\BuildTopics.proj]
BuildAssembler : warning : ResolveReferenceLinksComponent: [M:IdeaRS.ConnectionLink.ConnectionLink.OpenIdeaConnectionInternal(IdeaRS.OpenModel.Connection.IdeaConImportSettings,IdeaRS.OpenModel.Message.IDEAProgress,IdeaRS.IIdeaProject,System.String@)] Unknown reference link target &#39;T:IdeaRS.IIdeaProject&#39;. [C:\idea_deve\release_10.0\_Sources\Solutions\Documentation\Help\Working\BuildTopics.proj]
BuildAssembler : warning : ShowMissingComponent: [M:IdeaRS.ConnectionLink.ConnectionLink.OpenIdeaConnectionService] Missing &lt;summary&gt; documentation [C:\idea_deve\release_10.0\_Sources\Solutions\Documentation\Help\Working\BuildTopics.proj]
BuildAssembler : warning : ResolveReferenceLinksComponent: [M:IdeaRS.ConnectionLink.ConnectionLink.OpenIdeaConnectionService] Unknown reference link target &#39;M:IdeaRS.OpenModel.Connection.IAppController.OpenIdeaConnectionService&#39;. [C:\idea_deve\release_10.0\_Sources\Solutions\Documentation\Help\Working\BuildTopics.proj]
BuildAssembler : warning : ResolveReferenceLinksComponent: [M:IdeaRS.ConnectionLink.ConnectionLink.OpenIdeaConnectionWithName(System.Action{IdeaRS.OpenModel.Message.IIOMSettings,IdeaRS.OpenModel.Message.IDEAProgress},IdeaRS.OpenModel.Connection.IdeaConImportSettings,IdeaRS.OpenModel.Message.IDEAProgress,System.String@)] Unknown reference link target &#39;T:IdeaRS.OpenModel.Message.IIOMSettings&#39;. [C:\idea_deve\release_10.0\_Sources\Solutions\Documentation\Help\Working\BuildTopics.proj]
BuildAssembler : warning : ResolveReferenceLinksComponent: [M:IdeaRS.ConnectionLink.ConnectionLink.OpenIdeaConnectionWithName(System.Action{IdeaRS.OpenModel.Message.IIOMSettings,IdeaRS.OpenModel.Message.IDEAProgress},IdeaRS.OpenModel.Connection.IdeaConImportSettings,IdeaRS.OpenModel.Message.IDEAProgress,System.String@)] Unknown reference link target &#39;T:IdeaRS.OpenModel.Message.IDEAProgress&#39;. [C:\idea_deve\release_10.0\_Sources\Solutions\Documentation\Help\Working\BuildTopics.proj]
BuildAssembler : warning : ResolveReferenceLinksComponent: [M:IdeaRS.ConnectionLink.ConnectionLink.OpenIdeaConnectionWithName(System.Action{IdeaRS.OpenModel.Message.IIOMSettings,IdeaRS.OpenModel.Message.IDEAProgress},IdeaRS.OpenModel.Connection.IdeaConImportSettings,IdeaRS.OpenModel.Message.IDEAProgress,System.String@)] Unknown reference link target &#39;T:IdeaRS.OpenModel.Connection.IdeaConImportSettings&#39;. [C:\idea_deve\release_10.0\_Sources\Solutions\Documentation\Help\Working\BuildTopics.proj]
BuildAssembler : warning : ResolveReferenceLinksComponent: [M:IdeaRS.ConnectionLink.ConnectionLink.OpenIdeaConnectionWithName(System.Action{IdeaRS.OpenModel.Message.IIOMSettings,IdeaRS.OpenModel.Message.IDEAProgress},IdeaRS.OpenModel.Connection.IdeaConImportSettings,IdeaRS.OpenModel.Message.IDEAProgress,System.String@)] Unknown reference link target &#39;T:IdeaRS.OpenModel.Message.IDEAProgress&#39;. [C:\idea_deve\release_10.0\_Sources\Solutions\Documentation\Help\Working\BuildTopics.proj]
BuildAssembler : warning : ShowMissingComponent: [M:IdeaRS.ConnectionLink.ConnectionLink.TestConnection(System.Action{IdeaRS.OpenModel.Message.IIOMSettings,IdeaRS.OpenModel.Message.IDEAProgress},System.String,System.Collections.Generic.List{System.Int32},System.Collections.Generic.List{System.Int32},System.Collections.Generic.List{System.Int32},System.String@)] Missing &lt;param name=&quot;myCreateIOM&quot;/&gt; documentation [C:\idea_deve\release_10.0\_Sources\Solutions\Documentation\Help\Working\BuildTopics.proj]
BuildAssembler : warning : ShowMissingComponent: [M:IdeaRS.ConnectionLink.ConnectionLink.TestConnection(System.Action{IdeaRS.OpenModel.Message.IIOMSettings,IdeaRS.OpenModel.Message.IDEAProgress},System.String,System.Collections.Generic.List{System.Int32},System.Collections.Generic.List{System.Int32},System.Collections.Generic.List{System.Int32},System.String@)] Missing &lt;param name=&quot;countryCode&quot;/&gt; documentation [C:\idea_deve\release_10.0\_Sources\Solutions\Documentation\Help\Working\BuildTopics.proj]
BuildAssembler : warning : ShowMissingComponent: [M:IdeaRS.ConnectionLink.ConnectionLink.TestConnection(System.Action{IdeaRS.OpenModel.Message.IIOMSettings,IdeaRS.OpenModel.Message.IDEAProgress},System.String,System.Collections.Generic.List{System.Int32},System.Collections.Generic.List{System.Int32},System.Collections.Generic.List{System.Int32},System.String@)] Missing &lt;param name=&quot;selNodes&quot;/&gt; documentation [C:\idea_deve\release_10.0\_Sources\Solutions\Documentation\Help\Working\BuildTopics.proj]
BuildAssembler : warning : ShowMissingComponent: [M:IdeaRS.ConnectionLink.ConnectionLink.TestConnection(System.Action{IdeaRS.OpenModel.Message.IIOMSettings,IdeaRS.OpenModel.Message.IDEAProgress},System.String,System.Collections.Generic.List{System.Int32},System.Collections.Generic.List{System.Int32},System.Collections.Generic.List{System.Int32},System.String@)] Missing &lt;param name=&quot;selBeams&quot;/&gt; documentation [C:\idea_deve\release_10.0\_Sources\Solutions\Documentation\Help\Working\BuildTopics.proj]
BuildAssembler : warning : ShowMissingComponent: [M:IdeaRS.ConnectionLink.ConnectionLink.TestConnection(System.Action{IdeaRS.OpenModel.Message.IIOMSettings,IdeaRS.OpenModel.Message.IDEAProgress},System.String,System.Collections.Generic.List{System.Int32},System.Collections.Generic.List{System.Int32},System.Collections.Generic.List{System.Int32},System.String@)] Missing &lt;param name=&quot;mergBeams&quot;/&gt; documentation [C:\idea_deve\release_10.0\_Sources\Solutions\Documentation\Help\Working\BuildTopics.proj]
BuildAssembler : warning : ShowMissingComponent: [M:IdeaRS.ConnectionLink.ConnectionLink.TestConnection(System.Action{IdeaRS.OpenModel.Message.IIOMSettings,IdeaRS.OpenModel.Message.IDEAProgress},System.String,System.Collections.Generic.List{System.Int32},System.Collections.Generic.List{System.Int32},System.Collections.Generic.List{System.Int32},System.String@)] Missing &lt;param name=&quot;testFile&quot;/&gt; documentation [C:\idea_deve\release_10.0\_Sources\Solutions\Documentation\Help\Working\BuildTopics.proj]
BuildAssembler : warning : ResolveReferenceLinksComponent: [M:IdeaRS.ConnectionLink.ConnectionLink.TestConnection(System.Action{IdeaRS.OpenModel.Message.IIOMSettings,IdeaRS.OpenModel.Message.IDEAProgress},System.String,System.Collections.Generic.List{System.Int32},System.Collections.Generic.List{System.Int32},System.Collections.Generic.List{System.Int32},System.String@)] Unknown reference link target &#39;T:IdeaRS.OpenModel.Message.IIOMSettings&#39;. [C:\idea_deve\release_10.0\_Sources\Solutions\Documentation\Help\Working\BuildTopics.proj]
BuildAssembler : warning : ResolveReferenceLinksComponent: [M:IdeaRS.ConnectionLink.ConnectionLink.TestConnection(System.Action{IdeaRS.OpenModel.Message.IIOMSettings,IdeaRS.OpenModel.Message.IDEAProgress},System.String,System.Collections.Generic.List{System.Int32},System.Collections.Generic.List{System.Int32},System.Collections.Generic.List{System.Int32},System.String@)] Unknown reference link target &#39;T:IdeaRS.OpenModel.Message.IDEAProgress&#39;. [C:\idea_deve\release_10.0\_Sources\Solutions\Documentation\Help\Working\BuildTopics.proj]
BuildAssembler : warning : ShowMissingComponent: [M:IdeaRS.ConnectionLink.ConnectionLink.TestConnection(System.Action{IdeaRS.OpenModel.Message.IIOMSettings,IdeaRS.OpenModel.Message.IDEAProgress},System.String,System.Collections.Generic.List{System.String},System.Collections.Generic.List{System.String},System.Collections.Generic.List{System.String},System.String@)] Missing &lt;param name=&quot;myCreateIOM&quot;/&gt; documentation [C:\idea_deve\release_10.0\_Sources\Solutions\Documentation\Help\Working\BuildTopics.proj]
BuildAssembler : warning : ShowMissingComponent: [M:IdeaRS.ConnectionLink.ConnectionLink.TestConnection(System.Action{IdeaRS.OpenModel.Message.IIOMSettings,IdeaRS.OpenModel.Message.IDEAProgress},System.String,System.Collections.Generic.List{System.String},System.Collections.Generic.List{System.String},System.Collections.Generic.List{System.String},System.String@)] Missing &lt;param name=&quot;countryCode&quot;/&gt; documentation [C:\idea_deve\release_10.0\_Sources\Solutions\Documentation\Help\Working\BuildTopics.proj]
BuildAssembler : warning : ShowMissingComponent: [M:IdeaRS.ConnectionLink.ConnectionLink.TestConnection(System.Action{IdeaRS.OpenModel.Message.IIOMSettings,IdeaRS.OpenModel.Message.IDEAProgress},System.String,System.Collections.Generic.List{System.String},System.Collections.Generic.List{System.String},System.Collections.Generic.List{System.String},System.String@)] Missing &lt;param name=&quot;selNodes&quot;/&gt; documentation [C:\idea_deve\release_10.0\_Sources\Solutions\Documentation\Help\Working\BuildTopics.proj]
BuildAssembler : warning : ShowMissingComponent: [M:IdeaRS.ConnectionLink.ConnectionLink.TestConnection(System.Action{IdeaRS.OpenModel.Message.IIOMSettings,IdeaRS.OpenModel.Message.IDEAProgress},System.String,System.Collections.Generic.List{System.String},System.Collections.Generic.List{System.String},System.Collections.Generic.List{System.String},System.String@)] Missing &lt;param name=&quot;selBeams&quot;/&gt; documentation [C:\idea_deve\release_10.0\_Sources\Solutions\Documentation\Help\Working\BuildTopics.proj]
BuildAssembler : warning : ShowMissingComponent: [M:IdeaRS.ConnectionLink.ConnectionLink.TestConnection(System.Action{IdeaRS.OpenModel.Message.IIOMSettings,IdeaRS.OpenModel.Message.IDEAProgress},System.String,System.Collections.Generic.List{System.String},System.Collections.Generic.List{System.String},System.Collections.Generic.List{System.String},System.String@)] Missing &lt;param name=&quot;mergBeams&quot;/&gt; documentation [C:\idea_deve\release_10.0\_Sources\Solutions\Documentation\Help\Working\BuildTopics.proj]
BuildAssembler : warning : ShowMissingComponent: [M:IdeaRS.ConnectionLink.ConnectionLink.TestConnection(System.Action{IdeaRS.OpenModel.Message.IIOMSettings,IdeaRS.OpenModel.Message.IDEAProgress},System.String,System.Collections.Generic.List{System.String},System.Collections.Generic.List{System.String},System.Collections.Generic.List{System.String},System.String@)] Missing &lt;param name=&quot;testFile&quot;/&gt; documentation [C:\idea_deve\release_10.0\_Sources\Solutions\Documentation\Help\Working\BuildTopics.proj]
BuildAssembler : warning : ResolveReferenceLinksComponent: [M:IdeaRS.ConnectionLink.ConnectionLink.TestConnection(System.Action{IdeaRS.OpenModel.Message.IIOMSettings,IdeaRS.OpenModel.Message.IDEAProgress},System.String,System.Collections.Generic.List{System.String},System.Collections.Generic.List{System.String},System.Collections.Generic.List{System.String},System.String@)] Unknown reference link target &#39;T:IdeaRS.OpenModel.Message.IIOMSettings&#39;. [C:\idea_deve\release_10.0\_Sources\Solutions\Documentation\Help\Working\BuildTopics.proj]
BuildAssembler : warning : ResolveReferenceLinksComponent: [M:IdeaRS.ConnectionLink.ConnectionLink.TestConnection(System.Action{IdeaRS.OpenModel.Message.IIOMSettings,IdeaRS.OpenModel.Message.IDEAProgress},System.String,System.Collections.Generic.List{System.String},System.Collections.Generic.List{System.String},System.Collections.Generic.List{System.String},System.String@)] Unknown reference link target &#39;T:IdeaRS.OpenModel.Message.IDEAProgress&#39;. [C:\idea_deve\release_10.0\_Sources\Solutions\Documentation\Help\Working\BuildTopics.proj]
BuildAssembler : warning : ResolveReferenceLinksComponent: [P:IdeaRS.ConnectionLink.WizardSelection.CombiInput] Unknown reference link target &#39;T:IdeaRS.OpenModel.Loading.CombiInput&#39;. [C:\idea_deve\release_10.0\_Sources\Solutions\Documentation\Help\Working\BuildTopics.proj]
BuildAssembler : warning : ResolveReferenceLinksComponent: [P:IdeaRS.ConnectionLink.WizardSelection.LoadCase] Unknown reference link target &#39;T:IdeaRS.OpenModel.Loading.LoadCase&#39;. [C:\idea_deve\release_10.0\_Sources\Solutions\Documentation\Help\Working\BuildTopics.proj]
BuildAssembler : warning : ResolveReferenceLinksComponent: [P:IdeaRS.ConnectionLink.WizardSelection.LoadGroup] Unknown reference link target &#39;T:IdeaRS.OpenModel.Loading.LoadGroup&#39;. [C:\idea_deve\release_10.0\_Sources\Solutions\Documentation\Help\Working\BuildTopics.proj]
BuildAssembler : warning : ShowMissingComponent: [N:IdeaRS.ConnectionService.Service] Missing &lt;summary&gt; documentation [C:\idea_deve\release_10.0\_Sources\Solutions\Documentation\Help\Working\BuildTopics.proj]
BuildAssembler : warning : ShowMissingComponent: [M:IdeaRS.ConnectionService.Service.ConnectionSrv.CalculateProject(System.Guid)] Missing &lt;returns&gt; documentation [C:\idea_deve\release_10.0\_Sources\Solutions\Documentation\Help\Working\BuildTopics.proj]
BuildAssembler : warning : ShowMissingComponent: [M:IdeaRS.ConnectionService.Service.ConnectionSrv.CalculateProject(System.Guid)] Missing &lt;param name=&quot;connectionId&quot;/&gt; documentation [C:\idea_deve\release_10.0\_Sources\Solutions\Documentation\Help\Working\BuildTopics.proj]
BuildAssembler : warning : ResolveReferenceLinksComponent: [M:IdeaRS.ConnectionService.Service.ConnectionSrv.CalculateProject(System.Guid)] Unknown reference link target &#39;T:IdeaRS.OpenModel.Connection.ConnectionResultsData&#39;. [C:\idea_deve\release_10.0\_Sources\Solutions\Documentation\Help\Working\BuildTopics.proj]
BuildAssembler : warning : ResolveReferenceLinksComponent: [P:IdeaRS.ConnectionService.Service.ConnectionSrv.ConDataContract] Unknown reference link target &#39;T:ConModeler.Data.ConDataContract&#39;. [C:\idea_deve\release_10.0\_Sources\Solutions\Documentation\Help\Working\BuildTopics.proj]
BuildAssembler : warning : ResolveReferenceLinksComponent: [P:IdeaRS.ConnectionService.Service.ConnectionSrv.ConnProviderService] Unknown reference link target &#39;T:ConModeler.DataProviderService.ConDataProviderService&#39;. [C:\idea_deve\release_10.0\_Sources\Solutions\Documentation\Help\Working\BuildTopics.proj]
BuildAssembler : warning : ShowMissingComponent: [M:IdeaRS.ConnectionService.Service.ConnectionSrv.GetConnectionModel(System.Guid)] Missing &lt;returns&gt; documentation [C:\idea_deve\release_10.0\_Sources\Solutions\Documentation\Help\Working\BuildTopics.proj]
BuildAssembler : warning : ShowMissingComponent: [M:IdeaRS.ConnectionService.Service.ConnectionSrv.GetConnectionModel(System.Guid)] Missing &lt;param name=&quot;connectionId&quot;/&gt; documentation [C:\idea_deve\release_10.0\_Sources\Solutions\Documentation\Help\Working\BuildTopics.proj]
BuildAssembler : warning : ResolveReferenceLinksComponent: [M:IdeaRS.ConnectionService.Service.ConnectionSrv.GetConnectionModel(System.Guid)] Unknown reference link target &#39;T:IdeaRS.OpenModel.Connection.ConnectionData&#39;. [C:\idea_deve\release_10.0\_Sources\Solutions\Documentation\Help\Working\BuildTopics.proj]
BuildAssembler : warning : ShowMissingComponent: [M:IdeaRS.ConnectionService.Service.ConnectionSrv.GetConnectionModelDesktop(System.Guid,System.Int32)] Missing &lt;returns&gt; documentation [C:\idea_deve\release_10.0\_Sources\Solutions\Documentation\Help\Working\BuildTopics.proj]
BuildAssembler : warning : ShowMissingComponent: [M:IdeaRS.ConnectionService.Service.ConnectionSrv.GetConnectionModelDesktop(System.Guid,System.Int32)] Missing &lt;param name=&quot;connectionId&quot;/&gt; documentation [C:\idea_deve\release_10.0\_Sources\Solutions\Documentation\Help\Working\BuildTopics.proj]
BuildAssembler : warning : ShowMissingComponent: [M:IdeaRS.ConnectionService.Service.ConnectionSrv.GetConnectionModelDesktop(System.Guid,System.Int32)] Missing &lt;param name=&quot;maskId&quot;/&gt; documentation [C:\idea_deve\release_10.0\_Sources\Solutions\Documentation\Help\Working\BuildTopics.proj]
BuildAssembler : warning : ResolveReferenceLinksComponent: [M:IdeaRS.ConnectionService.Service.ConnectionSrv.GetConnectionModelDesktop(System.Guid,System.Int32)] Unknown reference link target &#39;T:IdeaRS.Connections.Model.IConnectionModel&#39;. [C:\idea_deve\release_10.0\_Sources\Solutions\Documentation\Help\Working\BuildTopics.proj]
BuildAssembler : warning : ShowMissingComponent: [M:IdeaRS.ConnectionService.Service.ConnectionSrv.GetConnectionResultsData(System.Guid)] Missing &lt;returns&gt; documentation [C:\idea_deve\release_10.0\_Sources\Solutions\Documentation\Help\Working\BuildTopics.proj]
BuildAssembler : warning : ShowMissingComponent: [M:IdeaRS.ConnectionService.Service.ConnectionSrv.GetConnectionResultsData(System.Guid)] Missing &lt;param name=&quot;connectionId&quot;/&gt; documentation [C:\idea_deve\release_10.0\_Sources\Solutions\Documentation\Help\Working\BuildTopics.proj]
BuildAssembler : warning : ResolveReferenceLinksComponent: [M:IdeaRS.ConnectionService.Service.ConnectionSrv.GetConnectionResultsData(System.Guid)] Unknown reference link target &#39;T:IdeaRS.OpenModel.Connection.ConnectionResultsData&#39;. [C:\idea_deve\release_10.0\_Sources\Solutions\Documentation\Help\Working\BuildTopics.proj]
BuildAssembler : warning : ShowMissingComponent: [M:IdeaRS.ConnectionService.Service.ConnectionSrv.GetDetailedConResultsData(System.Guid)] Missing &lt;returns&gt; documentation [C:\idea_deve\release_10.0\_Sources\Solutions\Documentation\Help\Working\BuildTopics.proj]
BuildAssembler : warning : ResolveReferenceLinksComponent: [M:IdeaRS.ConnectionService.Service.ConnectionSrv.GetDetailedConResultsData(System.Guid)] Unknown reference link target &#39;T:ConModeler.ConnectionPlugIn.CheckResultsData&#39;. [C:\idea_deve\release_10.0\_Sources\Solutions\Documentation\Help\Working\BuildTopics.proj]
BuildAssembler : warning : ShowMissingComponent: [M:IdeaRS.ConnectionService.Service.ConnectionSrv.GetDetailedConResultsJSON(System.Guid)] Missing &lt;returns&gt; documentation [C:\idea_deve\release_10.0\_Sources\Solutions\Documentation\Help\Working\BuildTopics.proj]
BuildAssembler : warning : ShowMissingComponent: [M:IdeaRS.ConnectionService.Service.ConnectionSrv.GetDetailedConResultsJSON(System.Guid)] Missing &lt;param name=&quot;connectionId&quot;/&gt; documentation [C:\idea_deve\release_10.0\_Sources\Solutions\Documentation\Help\Working\BuildTopics.proj]
BuildAssembler : warning : ShowMissingComponent: [M:IdeaRS.ConnectionService.Service.ConnectionSrv.GetNonconformities(System.Guid)] Missing &lt;returns&gt; documentation [C:\idea_deve\release_10.0\_Sources\Solutions\Documentation\Help\Working\BuildTopics.proj]
BuildAssembler : warning : ResolveReferenceLinksComponent: [M:IdeaRS.ConnectionService.Service.ConnectionSrv.GetNonconformities(System.Guid)] Unknown reference link target &#39;T:CI.Services.NonConformity.INonConformityIssues&#39;. [C:\idea_deve\release_10.0\_Sources\Solutions\Documentation\Help\Working\BuildTopics.proj]
BuildAssembler : warning : ShowMissingComponent: [M:IdeaRS.ConnectionService.Service.ConnectionSrv.GetResultFile] Missing &lt;returns&gt; documentation [C:\idea_deve\release_10.0\_Sources\Solutions\Documentation\Help\Working\BuildTopics.proj]
BuildAssembler : warning : ShowMissingComponent: [M:IdeaRS.ConnectionService.Service.ConnectionSrv.GetWeldStress(System.Guid,System.Int32)] Missing &lt;returns&gt; documentation [C:\idea_deve\release_10.0\_Sources\Solutions\Documentation\Help\Working\BuildTopics.proj]
BuildAssembler : warning : ResolveReferenceLinksComponent: [P:IdeaRS.ConnectionService.Service.ConnectionSrv.IdeaProject] Unknown reference link target &#39;T:IdeaRS.IIdeaProject&#39;. [C:\idea_deve\release_10.0\_Sources\Solutions\Documentation\Help\Working\BuildTopics.proj]
BuildAssembler : warning : ShowMissingComponent: [M:IdeaRS.ConnectionService.Service.ConnectionSrv.ImportFromIOM(IdeaRS.OpenModel.OpenModel,IdeaRS.OpenModel.Result.OpenModelResult)] Missing &lt;returns&gt; documentation [C:\idea_deve\release_10.0\_Sources\Solutions\Documentation\Help\Working\BuildTopics.proj]
BuildAssembler : warning : ShowMissingComponent: [M:IdeaRS.ConnectionService.Service.ConnectionSrv.ImportFromIOM(IdeaRS.OpenModel.OpenModel,IdeaRS.OpenModel.Result.OpenModelResult)] Missing &lt;param name=&quot;openModel&quot;/&gt; documentation [C:\idea_deve\release_10.0\_Sources\Solutions\Documentation\Help\Working\BuildTopics.proj]
BuildAssembler : warning : ShowMissingComponent: [M:IdeaRS.ConnectionService.Service.ConnectionSrv.ImportFromIOM(IdeaRS.OpenModel.OpenModel,IdeaRS.OpenModel.Result.OpenModelResult)] Missing &lt;param name=&quot;openModelResult&quot;/&gt; documentation [C:\idea_deve\release_10.0\_Sources\Solutions\Documentation\Help\Working\BuildTopics.proj]
BuildAssembler : warning : ResolveReferenceLinksComponent: [M:IdeaRS.ConnectionService.Service.ConnectionSrv.ImportFromIOM(IdeaRS.OpenModel.OpenModel,IdeaRS.OpenModel.Result.OpenModelResult)] Unknown reference link target &#39;T:IdeaRS.OpenModel.OpenModel&#39;. [C:\idea_deve\release_10.0\_Sources\Solutions\Documentation\Help\Working\BuildTopics.proj]
BuildAssembler : warning : ResolveReferenceLinksComponent: [M:IdeaRS.ConnectionService.Service.ConnectionSrv.ImportFromIOM(IdeaRS.OpenModel.OpenModel,IdeaRS.OpenModel.Result.OpenModelResult)] Unknown reference link target &#39;T:IdeaRS.OpenModel.Result.OpenModelResult&#39;. [C:\idea_deve\release_10.0\_Sources\Solutions\Documentation\Help\Working\BuildTopics.proj]
BuildAssembler : warning : ResolveReferenceLinksComponent: [M:IdeaRS.ConnectionService.Service.ConnectionSrv.ImportFromIOM(IdeaRS.OpenModel.OpenModel,IdeaRS.OpenModel.Result.OpenModelResult)] Unknown reference link target &#39;T:ConModeler.Data.ConDataContract&#39;. [C:\idea_deve\release_10.0\_Sources\Solutions\Documentation\Help\Working\BuildTopics.proj]
BuildAssembler : warning : ShowMissingComponent: [M:IdeaRS.ConnectionService.Service.ConnectionSrv.ImportFromIOM(System.Byte[])] Missing &lt;returns&gt; documentation [C:\idea_deve\release_10.0\_Sources\Solutions\Documentation\Help\Working\BuildTopics.proj]
BuildAssembler : warning : ShowMissingComponent: [M:IdeaRS.ConnectionService.Service.ConnectionSrv.ImportFromIOM(System.Byte[])] Missing &lt;param name=&quot;iomContainerInBytes&quot;/&gt; documentation [C:\idea_deve\release_10.0\_Sources\Solutions\Documentation\Help\Working\BuildTopics.proj]
BuildAssembler : warning : ShowMissingComponent: [M:IdeaRS.ConnectionService.Service.ConnectionSrv.OpenConnectionService(ConModeler.Data.ConDataContract)] Missing &lt;returns&gt; documentation [C:\idea_deve\release_10.0\_Sources\Solutions\Documentation\Help\Working\BuildTopics.proj]
BuildAssembler : warning : ShowMissingComponent: [M:IdeaRS.ConnectionService.Service.ConnectionSrv.OpenConnectionService(ConModeler.Data.ConDataContract)] Missing &lt;param name=&quot;conData&quot;/&gt; documentation [C:\idea_deve\release_10.0\_Sources\Solutions\Documentation\Help\Working\BuildTopics.proj]
BuildAssembler : warning : ResolveReferenceLinksComponent: [M:IdeaRS.ConnectionService.Service.ConnectionSrv.OpenConnectionService(ConModeler.Data.ConDataContract)] Unknown reference link target &#39;T:ConModeler.Data.ConDataContract&#39;. [C:\idea_deve\release_10.0\_Sources\Solutions\Documentation\Help\Working\BuildTopics.proj]
BuildAssembler : warning : ShowMissingComponent: [M:IdeaRS.ConnectionService.Service.ConnectionSrv.OpenIdeaConProjectFileAndResultFile(System.String,System.String,System.Int32)] Missing &lt;param name=&quot;ideaConFile&quot;/&gt; documentation [C:\idea_deve\release_10.0\_Sources\Solutions\Documentation\Help\Working\BuildTopics.proj]
BuildAssembler : warning : ShowMissingComponent: [M:IdeaRS.ConnectionService.Service.ConnectionSrv.OpenIdeaConProjectFileAndResultFile(System.String,System.String,System.Int32)] Missing &lt;param name=&quot;ideaResultFile&quot;/&gt; documentation [C:\idea_deve\release_10.0\_Sources\Solutions\Documentation\Help\Working\BuildTopics.proj]
BuildAssembler : warning : ShowMissingComponent: [M:IdeaRS.ConnectionService.Service.ConnectionSrv.ReadFully(System.IO.Stream)] Missing &lt;returns&gt; documentation [C:\idea_deve\release_10.0\_Sources\Solutions\Documentation\Help\Working\BuildTopics.proj]
BuildAssembler : warning : ShowMissingComponent: [M:IdeaRS.ConnectionService.Service.ConnectionSrv.ReadFully(System.IO.Stream)] Missing &lt;param name=&quot;input&quot;/&gt; documentation [C:\idea_deve\release_10.0\_Sources\Solutions\Documentation\Help\Working\BuildTopics.proj]
BuildAssembler : warning : ShowMissingComponent: [M:IdeaRS.ConnectionService.Service.ConnectionSrv.SaveIdeaConToProjectFile(System.String)] Missing &lt;param name=&quot;ideaConFile&quot;/&gt; documentation [C:\idea_deve\release_10.0\_Sources\Solutions\Documentation\Help\Working\BuildTopics.proj]
BuildAssembler : warning : ShowMissingComponent: [M:IdeaRS.ConnectionService.Service.ConnectionSrv.SaveResultToFile(System.String)] Missing &lt;param name=&quot;ideaResultFile&quot;/&gt; documentation [C:\idea_deve\release_10.0\_Sources\Solutions\Documentation\Help\Working\BuildTopics.proj]
BuildAssembler : warning : ShowMissingComponent: [M:IdeaRS.ConnectionService.Service.ConnectionSrv.SetAndOpenIdeaConProjectFileAndResultFile(System.Byte[],System.Byte[],System.Int32)] Missing &lt;param name=&quot;ideaConFile&quot;/&gt; documentation [C:\idea_deve\release_10.0\_Sources\Solutions\Documentation\Help\Working\BuildTopics.proj]
BuildAssembler : warning : ShowMissingComponent: [M:IdeaRS.ConnectionService.Service.ConnectionSrv.SetAndOpenIdeaConProjectFileAndResultFile(System.Byte[],System.Byte[],System.Int32)] Missing &lt;param name=&quot;ideaResultFile&quot;/&gt; documentation [C:\idea_deve\release_10.0\_Sources\Solutions\Documentation\Help\Working\BuildTopics.proj]
BuildAssembler : warning : ShowMissingComponent: [M:IdeaRS.ConnectionService.Service.ConnectionSrv.StreamToByteArray(System.IO.Stream)] Missing &lt;returns&gt; documentation [C:\idea_deve\release_10.0\_Sources\Solutions\Documentation\Help\Working\BuildTopics.proj]
BuildAssembler : warning : ShowMissingComponent: [M:IdeaRS.ConnectionService.Service.ConnectionSrv.StreamToByteArray(System.IO.Stream)] Missing &lt;param name=&quot;stream&quot;/&gt; documentation [C:\idea_deve\release_10.0\_Sources\Solutions\Documentation\Help\Working\BuildTopics.proj]
BuildAssembler : warning : ShowMissingComponent: [G:] Missing &lt;summary&gt; documentation [C:\idea_deve\release_10.0\_Sources\Solutions\Documentation\Help\Working\BuildTopics.proj]
  Processed 95 topic(s)
  108 warning(s)
  CopyFromIndexComponent: &quot;reflection&quot; in-memory cache entries used: 4 of 15.
  CopyFromIndexComponent: &quot;comments&quot; in-memory cache entries used: 2 of 30.
Done Building Project &quot;C:\idea_deve\release_10.0\_Sources\Solutions\Documentation\Help\Working\BuildTopics.proj&quot; (default targets).

Build succeeded.

Time Elapsed 00:00:09.06
    Last step completed in 00:00:09.2175
</buildStep>
<buildStep step="CombiningIntermediateTocFiles">
Combining conceptual and API intermediate TOC files...
    Last step completed in 00:00:00.0000
</buildStep>
<buildStep step="ExtractingHtmlInfo">
Extracting HTML info for HTML Help 1 and/or website...
[C:\Program Files (x86)\MSBuild\14.0\bin\amd64\MSBuild.exe - ExtractHtmlInfo.proj]
Sandcastle Help File Builder and Tools, version 2018.12.10.0
Copyright c 2006-2018, Eric Woodruff, All Rights Reserved
E-Mail: Eric@EWoodruff.us

Using LCID &#39;1033&#39;, code page &#39;65001&#39;, encoding charset &#39;UTF-8&#39;.

Processing website files in C:\idea_deve\release_10.0\_Sources\Solutions\Documentation\Help\Working\Output\Website
Processed 95 HTML files
Sorting keywords and generating See Also indices
Saving website keyword index to C:\idea_deve\release_10.0\_Sources\Solutions\Documentation\Help\Working\WebKI.xml
Saving website table of contents to C:\idea_deve\release_10.0\_Sources\Solutions\Documentation\Help\Working\WebTOC.xml
    Last step completed in 00:00:00.4797
</buildStep>
<buildStep step="CopyStandardHelpContent">
Copying standard help content...
C:\Program Files (x86)\EWSoftware\Sandcastle Help File Builder\PresentationStyles\VS2013\icons\AlertCaution.png -&gt; C:\idea_deve\release_10.0\_Sources\Solutions\Documentation\Help\Working\Output\Website\icons\AlertCaution.png
C:\Program Files (x86)\EWSoftware\Sandcastle Help File Builder\PresentationStyles\VS2013\icons\AlertNote.png -&gt; C:\idea_deve\release_10.0\_Sources\Solutions\Documentation\Help\Working\Output\Website\icons\AlertNote.png
C:\Program Files (x86)\EWSoftware\Sandcastle Help File Builder\PresentationStyles\VS2013\icons\AlertSecurity.png -&gt; C:\idea_deve\release_10.0\_Sources\Solutions\Documentation\Help\Working\Output\Website\icons\AlertSecurity.png
C:\Program Files (x86)\EWSoftware\Sandcastle Help File Builder\PresentationStyles\VS2013\icons\CFW.gif -&gt; C:\idea_deve\release_10.0\_Sources\Solutions\Documentation\Help\Working\Output\Website\icons\CFW.gif
C:\Program Files (x86)\EWSoftware\Sandcastle Help File Builder\PresentationStyles\VS2013\icons\CodeExample.png -&gt; C:\idea_deve\release_10.0\_Sources\Solutions\Documentation\Help\Working\Output\Website\icons\CodeExample.png
C:\Program Files (x86)\EWSoftware\Sandcastle Help File Builder\PresentationStyles\VS2013\icons\favicon.ico -&gt; C:\idea_deve\release_10.0\_Sources\Solutions\Documentation\Help\Working\Output\Website\icons\favicon.ico
C:\Program Files (x86)\EWSoftware\Sandcastle Help File Builder\PresentationStyles\VS2013\icons\privclass.gif -&gt; C:\idea_deve\release_10.0\_Sources\Solutions\Documentation\Help\Working\Output\Website\icons\privclass.gif
C:\Program Files (x86)\EWSoftware\Sandcastle Help File Builder\PresentationStyles\VS2013\icons\privdelegate.gif -&gt; C:\idea_deve\release_10.0\_Sources\Solutions\Documentation\Help\Working\Output\Website\icons\privdelegate.gif
C:\Program Files (x86)\EWSoftware\Sandcastle Help File Builder\PresentationStyles\VS2013\icons\privenumeration.gif -&gt; C:\idea_deve\release_10.0\_Sources\Solutions\Documentation\Help\Working\Output\Website\icons\privenumeration.gif
C:\Program Files (x86)\EWSoftware\Sandcastle Help File Builder\PresentationStyles\VS2013\icons\privevent.gif -&gt; C:\idea_deve\release_10.0\_Sources\Solutions\Documentation\Help\Working\Output\Website\icons\privevent.gif
C:\Program Files (x86)\EWSoftware\Sandcastle Help File Builder\PresentationStyles\VS2013\icons\privextension.gif -&gt; C:\idea_deve\release_10.0\_Sources\Solutions\Documentation\Help\Working\Output\Website\icons\privextension.gif
C:\Program Files (x86)\EWSoftware\Sandcastle Help File Builder\PresentationStyles\VS2013\icons\privfield.gif -&gt; C:\idea_deve\release_10.0\_Sources\Solutions\Documentation\Help\Working\Output\Website\icons\privfield.gif
C:\Program Files (x86)\EWSoftware\Sandcastle Help File Builder\PresentationStyles\VS2013\icons\privinterface.gif -&gt; C:\idea_deve\release_10.0\_Sources\Solutions\Documentation\Help\Working\Output\Website\icons\privinterface.gif
C:\Program Files (x86)\EWSoftware\Sandcastle Help File Builder\PresentationStyles\VS2013\icons\privmethod.gif -&gt; C:\idea_deve\release_10.0\_Sources\Solutions\Documentation\Help\Working\Output\Website\icons\privmethod.gif
C:\Program Files (x86)\EWSoftware\Sandcastle Help File Builder\PresentationStyles\VS2013\icons\privproperty.gif -&gt; C:\idea_deve\release_10.0\_Sources\Solutions\Documentation\Help\Working\Output\Website\icons\privproperty.gif
C:\Program Files (x86)\EWSoftware\Sandcastle Help File Builder\PresentationStyles\VS2013\icons\privstructure.gif -&gt; C:\idea_deve\release_10.0\_Sources\Solutions\Documentation\Help\Working\Output\Website\icons\privstructure.gif
C:\Program Files (x86)\EWSoftware\Sandcastle Help File Builder\PresentationStyles\VS2013\icons\protclass.gif -&gt; C:\idea_deve\release_10.0\_Sources\Solutions\Documentation\Help\Working\Output\Website\icons\protclass.gif
C:\Program Files (x86)\EWSoftware\Sandcastle Help File Builder\PresentationStyles\VS2013\icons\protdelegate.gif -&gt; C:\idea_deve\release_10.0\_Sources\Solutions\Documentation\Help\Working\Output\Website\icons\protdelegate.gif
C:\Program Files (x86)\EWSoftware\Sandcastle Help File Builder\PresentationStyles\VS2013\icons\protenumeration.gif -&gt; C:\idea_deve\release_10.0\_Sources\Solutions\Documentation\Help\Working\Output\Website\icons\protenumeration.gif
C:\Program Files (x86)\EWSoftware\Sandcastle Help File Builder\PresentationStyles\VS2013\icons\protevent.gif -&gt; C:\idea_deve\release_10.0\_Sources\Solutions\Documentation\Help\Working\Output\Website\icons\protevent.gif
C:\Program Files (x86)\EWSoftware\Sandcastle Help File Builder\PresentationStyles\VS2013\icons\protextension.gif -&gt; C:\idea_deve\release_10.0\_Sources\Solutions\Documentation\Help\Working\Output\Website\icons\protextension.gif
C:\Program Files (x86)\EWSoftware\Sandcastle Help File Builder\PresentationStyles\VS2013\icons\protfield.gif -&gt; C:\idea_deve\release_10.0\_Sources\Solutions\Documentation\Help\Working\Output\Website\icons\protfield.gif
C:\Program Files (x86)\EWSoftware\Sandcastle Help File Builder\PresentationStyles\VS2013\icons\protinterface.gif -&gt; C:\idea_deve\release_10.0\_Sources\Solutions\Documentation\Help\Working\Output\Website\icons\protinterface.gif
C:\Program Files (x86)\EWSoftware\Sandcastle Help File Builder\PresentationStyles\VS2013\icons\protmethod.gif -&gt; C:\idea_deve\release_10.0\_Sources\Solutions\Documentation\Help\Working\Output\Website\icons\protmethod.gif
C:\Program Files (x86)\EWSoftware\Sandcastle Help File Builder\PresentationStyles\VS2013\icons\protoperator.gif -&gt; C:\idea_deve\release_10.0\_Sources\Solutions\Documentation\Help\Working\Output\Website\icons\protoperator.gif
C:\Program Files (x86)\EWSoftware\Sandcastle Help File Builder\PresentationStyles\VS2013\icons\protproperty.gif -&gt; C:\idea_deve\release_10.0\_Sources\Solutions\Documentation\Help\Working\Output\Website\icons\protproperty.gif
C:\Program Files (x86)\EWSoftware\Sandcastle Help File Builder\PresentationStyles\VS2013\icons\protstructure.gif -&gt; C:\idea_deve\release_10.0\_Sources\Solutions\Documentation\Help\Working\Output\Website\icons\protstructure.gif
C:\Program Files (x86)\EWSoftware\Sandcastle Help File Builder\PresentationStyles\VS2013\icons\pubclass.gif -&gt; C:\idea_deve\release_10.0\_Sources\Solutions\Documentation\Help\Working\Output\Website\icons\pubclass.gif
C:\Program Files (x86)\EWSoftware\Sandcastle Help File Builder\PresentationStyles\VS2013\icons\pubdelegate.gif -&gt; C:\idea_deve\release_10.0\_Sources\Solutions\Documentation\Help\Working\Output\Website\icons\pubdelegate.gif
C:\Program Files (x86)\EWSoftware\Sandcastle Help File Builder\PresentationStyles\VS2013\icons\pubenumeration.gif -&gt; C:\idea_deve\release_10.0\_Sources\Solutions\Documentation\Help\Working\Output\Website\icons\pubenumeration.gif
C:\Program Files (x86)\EWSoftware\Sandcastle Help File Builder\PresentationStyles\VS2013\icons\pubevent.gif -&gt; C:\idea_deve\release_10.0\_Sources\Solutions\Documentation\Help\Working\Output\Website\icons\pubevent.gif
C:\Program Files (x86)\EWSoftware\Sandcastle Help File Builder\PresentationStyles\VS2013\icons\pubextension.gif -&gt; C:\idea_deve\release_10.0\_Sources\Solutions\Documentation\Help\Working\Output\Website\icons\pubextension.gif
C:\Program Files (x86)\EWSoftware\Sandcastle Help File Builder\PresentationStyles\VS2013\icons\pubfield.gif -&gt; C:\idea_deve\release_10.0\_Sources\Solutions\Documentation\Help\Working\Output\Website\icons\pubfield.gif
C:\Program Files (x86)\EWSoftware\Sandcastle Help File Builder\PresentationStyles\VS2013\icons\pubinterface.gif -&gt; C:\idea_deve\release_10.0\_Sources\Solutions\Documentation\Help\Working\Output\Website\icons\pubinterface.gif
C:\Program Files (x86)\EWSoftware\Sandcastle Help File Builder\PresentationStyles\VS2013\icons\pubmethod.gif -&gt; C:\idea_deve\release_10.0\_Sources\Solutions\Documentation\Help\Working\Output\Website\icons\pubmethod.gif
C:\Program Files (x86)\EWSoftware\Sandcastle Help File Builder\PresentationStyles\VS2013\icons\puboperator.gif -&gt; C:\idea_deve\release_10.0\_Sources\Solutions\Documentation\Help\Working\Output\Website\icons\puboperator.gif
C:\Program Files (x86)\EWSoftware\Sandcastle Help File Builder\PresentationStyles\VS2013\icons\pubproperty.gif -&gt; C:\idea_deve\release_10.0\_Sources\Solutions\Documentation\Help\Working\Output\Website\icons\pubproperty.gif
C:\Program Files (x86)\EWSoftware\Sandcastle Help File Builder\PresentationStyles\VS2013\icons\pubstructure.gif -&gt; C:\idea_deve\release_10.0\_Sources\Solutions\Documentation\Help\Working\Output\Website\icons\pubstructure.gif
C:\Program Files (x86)\EWSoftware\Sandcastle Help File Builder\PresentationStyles\VS2013\icons\SectionCollapsed.png -&gt; C:\idea_deve\release_10.0\_Sources\Solutions\Documentation\Help\Working\Output\Website\icons\SectionCollapsed.png
C:\Program Files (x86)\EWSoftware\Sandcastle Help File Builder\PresentationStyles\VS2013\icons\SectionExpanded.png -&gt; C:\idea_deve\release_10.0\_Sources\Solutions\Documentation\Help\Working\Output\Website\icons\SectionExpanded.png
C:\Program Files (x86)\EWSoftware\Sandcastle Help File Builder\PresentationStyles\VS2013\icons\slMobile.gif -&gt; C:\idea_deve\release_10.0\_Sources\Solutions\Documentation\Help\Working\Output\Website\icons\slMobile.gif
C:\Program Files (x86)\EWSoftware\Sandcastle Help File Builder\PresentationStyles\VS2013\icons\static.gif -&gt; C:\idea_deve\release_10.0\_Sources\Solutions\Documentation\Help\Working\Output\Website\icons\static.gif
C:\Program Files (x86)\EWSoftware\Sandcastle Help File Builder\PresentationStyles\VS2013\icons\xna.gif -&gt; C:\idea_deve\release_10.0\_Sources\Solutions\Documentation\Help\Working\Output\Website\icons\xna.gif
C:\Program Files (x86)\EWSoftware\Sandcastle Help File Builder\PresentationStyles\VS2013\scripts\branding.js -&gt; C:\idea_deve\release_10.0\_Sources\Solutions\Documentation\Help\Working\Output\Website\scripts\branding.js
C:\Program Files (x86)\EWSoftware\Sandcastle Help File Builder\PresentationStyles\VS2013\styles\branding-cs-CZ.css -&gt; C:\idea_deve\release_10.0\_Sources\Solutions\Documentation\Help\Working\Output\Website\styles\branding-cs-CZ.css
C:\Program Files (x86)\EWSoftware\Sandcastle Help File Builder\PresentationStyles\VS2013\styles\branding-de-DE.css -&gt; C:\idea_deve\release_10.0\_Sources\Solutions\Documentation\Help\Working\Output\Website\styles\branding-de-DE.css
C:\Program Files (x86)\EWSoftware\Sandcastle Help File Builder\PresentationStyles\VS2013\styles\branding-en-US.css -&gt; C:\idea_deve\release_10.0\_Sources\Solutions\Documentation\Help\Working\Output\Website\styles\branding-en-US.css
C:\Program Files (x86)\EWSoftware\Sandcastle Help File Builder\PresentationStyles\VS2013\styles\branding-es-ES.css -&gt; C:\idea_deve\release_10.0\_Sources\Solutions\Documentation\Help\Working\Output\Website\styles\branding-es-ES.css
C:\Program Files (x86)\EWSoftware\Sandcastle Help File Builder\PresentationStyles\VS2013\styles\branding-fr-FR.css -&gt; C:\idea_deve\release_10.0\_Sources\Solutions\Documentation\Help\Working\Output\Website\styles\branding-fr-FR.css
C:\Program Files (x86)\EWSoftware\Sandcastle Help File Builder\PresentationStyles\VS2013\styles\branding-Help1.css -&gt; C:\idea_deve\release_10.0\_Sources\Solutions\Documentation\Help\Working\Output\Website\styles\branding-Help1.css
C:\Program Files (x86)\EWSoftware\Sandcastle Help File Builder\PresentationStyles\VS2013\styles\branding-HelpViewer.css -&gt; C:\idea_deve\release_10.0\_Sources\Solutions\Documentation\Help\Working\Output\Website\styles\branding-HelpViewer.css
C:\Program Files (x86)\EWSoftware\Sandcastle Help File Builder\PresentationStyles\VS2013\styles\branding-it-IT.css -&gt; C:\idea_deve\release_10.0\_Sources\Solutions\Documentation\Help\Working\Output\Website\styles\branding-it-IT.css
C:\Program Files (x86)\EWSoftware\Sandcastle Help File Builder\PresentationStyles\VS2013\styles\branding-ja-JP.css -&gt; C:\idea_deve\release_10.0\_Sources\Solutions\Documentation\Help\Working\Output\Website\styles\branding-ja-JP.css
C:\Program Files (x86)\EWSoftware\Sandcastle Help File Builder\PresentationStyles\VS2013\styles\branding-ko-KR.css -&gt; C:\idea_deve\release_10.0\_Sources\Solutions\Documentation\Help\Working\Output\Website\styles\branding-ko-KR.css
C:\Program Files (x86)\EWSoftware\Sandcastle Help File Builder\PresentationStyles\VS2013\styles\branding-pl-PL.css -&gt; C:\idea_deve\release_10.0\_Sources\Solutions\Documentation\Help\Working\Output\Website\styles\branding-pl-PL.css
C:\Program Files (x86)\EWSoftware\Sandcastle Help File Builder\PresentationStyles\VS2013\styles\branding-pt-BR.css -&gt; C:\idea_deve\release_10.0\_Sources\Solutions\Documentation\Help\Working\Output\Website\styles\branding-pt-BR.css
C:\Program Files (x86)\EWSoftware\Sandcastle Help File Builder\PresentationStyles\VS2013\styles\branding-ru-RU.css -&gt; C:\idea_deve\release_10.0\_Sources\Solutions\Documentation\Help\Working\Output\Website\styles\branding-ru-RU.css
C:\Program Files (x86)\EWSoftware\Sandcastle Help File Builder\PresentationStyles\VS2013\styles\branding-tr-TR.css -&gt; C:\idea_deve\release_10.0\_Sources\Solutions\Documentation\Help\Working\Output\Website\styles\branding-tr-TR.css
C:\Program Files (x86)\EWSoftware\Sandcastle Help File Builder\PresentationStyles\VS2013\styles\branding-Website.css -&gt; C:\idea_deve\release_10.0\_Sources\Solutions\Documentation\Help\Working\Output\Website\styles\branding-Website.css
C:\Program Files (x86)\EWSoftware\Sandcastle Help File Builder\PresentationStyles\VS2013\styles\branding-zh-CN.css -&gt; C:\idea_deve\release_10.0\_Sources\Solutions\Documentation\Help\Working\Output\Website\styles\branding-zh-CN.css
C:\Program Files (x86)\EWSoftware\Sandcastle Help File Builder\PresentationStyles\VS2013\styles\branding-zh-TW.css -&gt; C:\idea_deve\release_10.0\_Sources\Solutions\Documentation\Help\Working\Output\Website\styles\branding-zh-TW.css
C:\Program Files (x86)\EWSoftware\Sandcastle Help File Builder\PresentationStyles\VS2013\styles\branding.css -&gt; C:\idea_deve\release_10.0\_Sources\Solutions\Documentation\Help\Working\Output\Website\styles\branding.css
C:\Program Files (x86)\EWSoftware\Sandcastle Help File Builder\PresentationStyles\VS2013\Web\index.html -&gt; C:\idea_deve\release_10.0\_Sources\Solutions\Documentation\Help\Working\Output\Website\index.html
C:\Program Files (x86)\EWSoftware\Sandcastle Help File Builder\PresentationStyles\VS2013\Web\search.html -&gt; C:\idea_deve\release_10.0\_Sources\Solutions\Documentation\Help\Working\Output\Website\search.html
C:\Program Files (x86)\EWSoftware\Sandcastle Help File Builder\PresentationStyles\VS2013\Web\SearchHelp.aspx -&gt; C:\idea_deve\release_10.0\_Sources\Solutions\Documentation\Help\Working\Output\Website\SearchHelp.aspx
C:\Program Files (x86)\EWSoftware\Sandcastle Help File Builder\PresentationStyles\VS2013\Web\SearchHelp.inc.php -&gt; C:\idea_deve\release_10.0\_Sources\Solutions\Documentation\Help\Working\Output\Website\SearchHelp.inc.php
C:\Program Files (x86)\EWSoftware\Sandcastle Help File Builder\PresentationStyles\VS2013\Web\SearchHelp.php -&gt; C:\idea_deve\release_10.0\_Sources\Solutions\Documentation\Help\Working\Output\Website\SearchHelp.php
C:\Program Files (x86)\EWSoftware\Sandcastle Help File Builder\PresentationStyles\VS2013\Web\Web.Config -&gt; C:\idea_deve\release_10.0\_Sources\Solutions\Documentation\Help\Working\Output\Website\Web.Config
C:\Program Files (x86)\EWSoftware\Sandcastle Help File Builder\PresentationStyles\VS2013\Web\html\GeneralError.htm -&gt; C:\idea_deve\release_10.0\_Sources\Solutions\Documentation\Help\Working\Output\Website\html\GeneralError.htm
C:\Program Files (x86)\EWSoftware\Sandcastle Help File Builder\PresentationStyles\VS2013\Web\html\PageNotFound.htm -&gt; C:\idea_deve\release_10.0\_Sources\Solutions\Documentation\Help\Working\Output\Website\html\PageNotFound.htm
C:\Program Files (x86)\EWSoftware\Sandcastle Help File Builder\PresentationStyles\VS2013\Web\icons\Search.png -&gt; C:\idea_deve\release_10.0\_Sources\Solutions\Documentation\Help\Working\Output\Website\icons\Search.png
C:\Program Files (x86)\EWSoftware\Sandcastle Help File Builder\PresentationStyles\VS2013\Web\icons\TocClose.gif -&gt; C:\idea_deve\release_10.0\_Sources\Solutions\Documentation\Help\Working\Output\Website\icons\TocClose.gif
C:\Program Files (x86)\EWSoftware\Sandcastle Help File Builder\PresentationStyles\VS2013\Web\icons\TocCollapsed.gif -&gt; C:\idea_deve\release_10.0\_Sources\Solutions\Documentation\Help\Working\Output\Website\icons\TocCollapsed.gif
C:\Program Files (x86)\EWSoftware\Sandcastle Help File Builder\PresentationStyles\VS2013\Web\icons\TocExpanded.gif -&gt; C:\idea_deve\release_10.0\_Sources\Solutions\Documentation\Help\Working\Output\Website\icons\TocExpanded.gif
C:\Program Files (x86)\EWSoftware\Sandcastle Help File Builder\PresentationStyles\VS2013\Web\icons\TocOpen.gif -&gt; C:\idea_deve\release_10.0\_Sources\Solutions\Documentation\Help\Working\Output\Website\icons\TocOpen.gif
C:\Program Files (x86)\EWSoftware\Sandcastle Help File Builder\PresentationStyles\VS2013\Web\scripts\branding-Website.js -&gt; C:\idea_deve\release_10.0\_Sources\Solutions\Documentation\Help\Working\Output\Website\scripts\branding-Website.js
C:\Program Files (x86)\EWSoftware\Sandcastle Help File Builder\PresentationStyles\VS2013\Web\scripts\clipboard.min.js -&gt; C:\idea_deve\release_10.0\_Sources\Solutions\Documentation\Help\Working\Output\Website\scripts\clipboard.min.js
C:\Program Files (x86)\EWSoftware\Sandcastle Help File Builder\PresentationStyles\VS2013\Web\scripts\jquery-3.3.1.min.js -&gt; C:\idea_deve\release_10.0\_Sources\Solutions\Documentation\Help\Working\Output\Website\scripts\jquery-3.3.1.min.js
    Last step completed in 00:00:00.2231
</buildStep>
<buildStep step="GenerateHelpFormatTableOfContents">
Generating website table of contents file...
    Last step completed in 00:00:00.0000
</buildStep>
<buildStep step="GenerateFullTextIndex">
Generating full-text index for the website...

<plugIn name="Lightweight Website Style" behavior="After" priority="1000">
Adding lightweight search and TOC elements to each topic...
</plugIn>    Last step completed in 00:00:00.5976
</buildStep>
<buildStep step="CopyingWebsiteFiles">
Copying website files to output folder...

Copied 217 files for the website content
    Last step completed in 00:00:00.4844
</buildStep>
<buildStep step="CleanIntermediates">
Removing intermediate files...
    Last step completed in 00:00:00.0469
</buildStep>
<buildStep step="Completed">

Build completed successfully at 09.04.2019 13:25:33.  Total time: 00:00:15.4314

</buildStep>
</shfbBuild>
